This is pdfTeX, Version 3.14159265-2.6-1.40.19 (MiKTeX 2.9.6880 64-bit) (preloaded format=pdflatex 2018.12.12)  29 AUG 2019 23:41
entering extended mode
**./Dissertation_Final.tex
(Dissertation_Final.tex
LaTeX2e <2018-04-01> patch level 5

("C:\Users\John Fitzpatrick\AppData\Local\Programs\MiKTeX 2.9\tex\latex\koma-sc
ript\scrartcl.cls"
Document Class: scrartcl 2018/03/30 v3.25 KOMA-Script document class (article)

("C:\Users\John Fitzpatrick\AppData\Local\Programs\MiKTeX 2.9\tex\latex\koma-sc
ript\scrkbase.sty"
Package: scrkbase 2018/03/30 v3.25 KOMA-Script package (KOMA-Script-dependent b
asics and keyval usage)

("C:\Users\John Fitzpatrick\AppData\Local\Programs\MiKTeX 2.9\tex\latex\koma-sc
ript\scrbase.sty"
Package: scrbase 2018/03/30 v3.25 KOMA-Script package (KOMA-Script-independent 
basics and keyval usage)

("C:\Users\John Fitzpatrick\AppData\Local\Programs\MiKTeX 2.9\tex\latex\graphic
s\keyval.sty"
Package: keyval 2014/10/28 v1.15 key=value parser (DPC)
\KV@toks@=\toks14
)
("C:\Users\John Fitzpatrick\AppData\Local\Programs\MiKTeX 2.9\tex\latex\koma-sc
ript\scrlfile.sty"
Package: scrlfile 2018/03/30 v3.25 KOMA-Script package (loading files)
)))
("C:\Users\John Fitzpatrick\AppData\Local\Programs\MiKTeX 2.9\tex\latex\koma-sc
ript\tocbasic.sty"
Package: tocbasic 2018/03/30 v3.25 KOMA-Script package (handling toc-files)
\scr@dte@tocline@numberwidth=\skip41
\scr@dte@tocline@numbox=\box26
)
Package tocbasic Info: omitting babel extension for `toc'
(tocbasic)             because of feature `nobabel' available
(tocbasic)             for `toc' on input line 134.
Package scrartcl Info: You've used standard option `12pt'.
(scrartcl)             This is correct!
(scrartcl)             Internally I'm using `fontsize=12pt'.
(scrartcl)             If you'd like to set the option with \KOMAoptions,
(scrartcl)             you'd have to use `fontsize=12pt' there
(scrartcl)             instead of `12pt', too.
Class scrartcl Info: File `scrsize12pt.clo' used to setup font sizes on input l
ine 2114.

("C:\Users\John Fitzpatrick\AppData\Local\Programs\MiKTeX 2.9\tex\latex\koma-sc
ript\scrsize12pt.clo"
File: scrsize12pt.clo 2018/03/30 v3.25 KOMA-Script font size class option (12pt
)
)
("C:\Users\John Fitzpatrick\AppData\Local\Programs\MiKTeX 2.9\tex\latex\koma-sc
ript\typearea.sty"
Package: typearea 2018/03/30 v3.25 KOMA-Script package (type area)
\ta@bcor=\skip42
\ta@div=\count80
\ta@hblk=\skip43
\ta@vblk=\skip44
\ta@temp=\skip45
\footheight=\skip46
Package typearea Info: These are the values describing the layout:
(typearea)             DIV  = 12
(typearea)             BCOR = 0.0pt
(typearea)             \paperwidth      = 597.50793pt
(typearea)              \textwidth      = 448.13095pt
(typearea)              DIV departure   = -6%
(typearea)              \evensidemargin = 2.4185pt
(typearea)              \oddsidemargin  = 2.4185pt
(typearea)             \paperheight     = 845.04694pt
(typearea)              \textheight     = 635.5pt
(typearea)              \topmargin      = -41.72441pt
(typearea)              \headheight     = 18.125pt
(typearea)              \headsep        = 21.75pt
(typearea)              \topskip        = 12.0pt
(typearea)              \footskip       = 50.75pt
(typearea)              \baselineskip   = 14.5pt
(typearea)              on input line 1706.
)
\c@part=\count81
\c@section=\count82
\c@subsection=\count83
\c@subsubsection=\count84
\c@paragraph=\count85
\c@subparagraph=\count86
\scr@dte@part@maxnumwidth=\skip47
\scr@dte@section@maxnumwidth=\skip48
\scr@dte@subsection@maxnumwidth=\skip49
\scr@dte@subsubsection@maxnumwidth=\skip50
\scr@dte@paragraph@maxnumwidth=\skip51
\scr@dte@subparagraph@maxnumwidth=\skip52
\abovecaptionskip=\skip53
\belowcaptionskip=\skip54
\c@pti@nb@sid@b@x=\box27
\scr@dte@figure@maxnumwidth=\skip55
Package tocbasic Info: omitting babel extension for `lof'
(tocbasic)             because of feature `nobabel' available
(tocbasic)             for `lof' on input line 5439.
\c@figure=\count87
\scr@dte@table@maxnumwidth=\skip56
Package tocbasic Info: omitting babel extension for `lot'
(tocbasic)             because of feature `nobabel' available
(tocbasic)             for `lot' on input line 5451.
\c@table=\count88
Class scrartcl Info: Redefining `\numberline' on input line 5615.
\bibindent=\dimen102
)
("C:\Users\John Fitzpatrick\AppData\Local\Programs\MiKTeX 2.9\tex\latex\hyperre
f\hyperref.sty"
Package: hyperref 2018/11/30 v6.88e Hypertext links for LaTeX

("C:\Users\John Fitzpatrick\AppData\Local\Programs\MiKTeX 2.9\tex\generic\oberd
iek\hobsub-hyperref.sty"
Package: hobsub-hyperref 2016/05/16 v1.14 Bundle oberdiek, subset hyperref (HO)


("C:\Users\John Fitzpatrick\AppData\Local\Programs\MiKTeX 2.9\tex\generic\oberd
iek\hobsub-generic.sty"
Package: hobsub-generic 2016/05/16 v1.14 Bundle oberdiek, subset generic (HO)
Package: hobsub 2016/05/16 v1.14 Construct package bundles (HO)
Package: infwarerr 2016/05/16 v1.4 Providing info/warning/error messages (HO)
Package: ltxcmds 2016/05/16 v1.23 LaTeX kernel commands for general use (HO)
Package: ifluatex 2016/05/16 v1.4 Provides the ifluatex switch (HO)
Package ifluatex Info: LuaTeX not detected.
Package: ifvtex 2016/05/16 v1.6 Detect VTeX and its facilities (HO)
Package ifvtex Info: VTeX not detected.
Package: intcalc 2016/05/16 v1.2 Expandable calculations with integers (HO)
Package: ifpdf 2018/09/07 v3.3 Provides the ifpdf switch
Package: etexcmds 2016/05/16 v1.6 Avoid name clashes with e-TeX commands (HO)
Package: kvsetkeys 2016/05/16 v1.17 Key value parser (HO)
Package: kvdefinekeys 2016/05/16 v1.4 Define keys (HO)
Package: pdftexcmds 2018/09/10 v0.29 Utility functions of pdfTeX for LuaTeX (HO
)
Package pdftexcmds Info: LuaTeX not detected.
Package pdftexcmds Info: \pdf@primitive is available.
Package pdftexcmds Info: \pdf@ifprimitive is available.
Package pdftexcmds Info: \pdfdraftmode found.
Package: pdfescape 2016/05/16 v1.14 Implements pdfTeX's escape features (HO)
Package: bigintcalc 2016/05/16 v1.4 Expandable calculations on big integers (HO
)
Package: bitset 2016/05/16 v1.2 Handle bit-vector datatype (HO)
Package: uniquecounter 2016/05/16 v1.3 Provide unlimited unique counter (HO)
)
Package hobsub Info: Skipping package `hobsub' (already loaded).
Package: letltxmacro 2016/05/16 v1.5 Let assignment for LaTeX macros (HO)
Package: hopatch 2016/05/16 v1.3 Wrapper for package hooks (HO)
Package: xcolor-patch 2016/05/16 xcolor patch
Package: atveryend 2016/05/16 v1.9 Hooks at the very end of document (HO)
Package atveryend Info: \enddocument detected (standard20110627).
Package: atbegshi 2016/06/09 v1.18 At begin shipout hook (HO)
Package: refcount 2016/05/16 v3.5 Data extraction from label references (HO)
Package: hycolor 2016/05/16 v1.8 Color options for hyperref/bookmark (HO)
)
("C:\Users\John Fitzpatrick\AppData\Local\Programs\MiKTeX 2.9\tex\generic\ifxet
ex\ifxetex.sty"
Package: ifxetex 2010/09/12 v0.6 Provides ifxetex conditional
)
("C:\Users\John Fitzpatrick\AppData\Local\Programs\MiKTeX 2.9\tex\latex\oberdie
k\auxhook.sty"
Package: auxhook 2016/05/16 v1.4 Hooks for auxiliary files (HO)
)
("C:\Users\John Fitzpatrick\AppData\Local\Programs\MiKTeX 2.9\tex\latex\oberdie
k\kvoptions.sty"
Package: kvoptions 2016/05/16 v3.12 Key value format for package options (HO)
)
\@linkdim=\dimen103
\Hy@linkcounter=\count89
\Hy@pagecounter=\count90

("C:\Users\John Fitzpatrick\AppData\Local\Programs\MiKTeX 2.9\tex\latex\hyperre
f\pd1enc.def"
File: pd1enc.def 2018/11/30 v6.88e Hyperref: PDFDocEncoding definition (HO)
Now handling font encoding PD1 ...
... no UTF-8 mapping file for font encoding PD1
)
\Hy@SavedSpaceFactor=\count91

("C:\Users\John Fitzpatrick\AppData\Local\Programs\MiKTeX 2.9\tex\latex\00mikte
x\hyperref.cfg"
File: hyperref.cfg 2002/06/06 v1.2 hyperref configuration of TeXLive
)
Package hyperref Info: Hyper figures OFF on input line 4519.
Package hyperref Info: Link nesting OFF on input line 4524.
Package hyperref Info: Hyper index ON on input line 4527.
Package hyperref Info: Plain pages OFF on input line 4534.
Package hyperref Info: Backreferencing OFF on input line 4539.
Package hyperref Info: Implicit mode ON; LaTeX internals redefined.
Package hyperref Info: Bookmarks ON on input line 4772.
\c@Hy@tempcnt=\count92

("C:\Users\John Fitzpatrick\AppData\Local\Programs\MiKTeX 2.9\tex\latex\url\url
.sty"
\Urlmuskip=\muskip10
Package: url 2013/09/16  ver 3.4  Verb mode for urls, etc.
)
LaTeX Info: Redefining \url on input line 5125.
\XeTeXLinkMargin=\dimen104
\Fld@menulength=\count93
\Field@Width=\dimen105
\Fld@charsize=\dimen106
Package hyperref Info: Hyper figures OFF on input line 6380.
Package hyperref Info: Link nesting OFF on input line 6385.
Package hyperref Info: Hyper index ON on input line 6388.
Package hyperref Info: backreferencing OFF on input line 6395.
Package hyperref Info: Link coloring OFF on input line 6400.
Package hyperref Info: Link coloring with OCG OFF on input line 6405.
Package hyperref Info: PDF/A mode OFF on input line 6410.
LaTeX Info: Redefining \ref on input line 6450.
LaTeX Info: Redefining \pageref on input line 6454.
\Hy@abspage=\count94
\c@Item=\count95
\c@Hfootnote=\count96
)
Package hyperref Info: Driver (autodetected): hpdftex.

("C:\Users\John Fitzpatrick\AppData\Local\Programs\MiKTeX 2.9\tex\latex\hyperre
f\hpdftex.def"
File: hpdftex.def 2018/11/30 v6.88e Hyperref driver for pdfTeX
\Fld@listcount=\count97
\c@bookmark@seq@number=\count98

("C:\Users\John Fitzpatrick\AppData\Local\Programs\MiKTeX 2.9\tex\latex\oberdie
k\rerunfilecheck.sty"
Package: rerunfilecheck 2016/05/16 v1.8 Rerun checks for auxiliary files (HO)
Package uniquecounter Info: New unique counter `rerunfilecheck' on input line 2
82.
)
\Hy@SectionHShift=\skip57
)
("C:\Users\John Fitzpatrick\AppData\Local\Programs\MiKTeX 2.9\tex\latex\xcolor\
xcolor.sty"
Package: xcolor 2016/05/11 v2.12 LaTeX color extensions (UK)

("C:\Users\John Fitzpatrick\AppData\Local\Programs\MiKTeX 2.9\tex\latex\graphic
s-cfg\color.cfg"
File: color.cfg 2016/01/02 v1.6 sample color configuration
)
Package xcolor Info: Driver file: pdftex.def on input line 225.

("C:\Users\John Fitzpatrick\AppData\Local\Programs\MiKTeX 2.9\tex\latex\graphic
s-def\pdftex.def"
File: pdftex.def 2018/01/08 v1.0l Graphics/color driver for pdftex
)
Package xcolor Info: Model `cmy' substituted by `cmy0' on input line 1348.
Package xcolor Info: Model `hsb' substituted by `rgb' on input line 1352.
Package xcolor Info: Model `RGB' extended on input line 1364.
Package xcolor Info: Model `HTML' substituted by `rgb' on input line 1366.
Package xcolor Info: Model `Hsb' substituted by `hsb' on input line 1367.
Package xcolor Info: Model `tHsb' substituted by `hsb' on input line 1368.
Package xcolor Info: Model `HSB' substituted by `hsb' on input line 1369.
Package xcolor Info: Model `Gray' substituted by `gray' on input line 1370.
Package xcolor Info: Model `wave' substituted by `hsb' on input line 1371.

("C:\Users\John Fitzpatrick\AppData\Local\Programs\MiKTeX 2.9\tex\latex\graphic
s\dvipsnam.def"
File: dvipsnam.def 2016/06/17 v3.0m Driver-dependent file (DPC,SPQR)
))
("C:\Users\John Fitzpatrick\AppData\Local\Programs\MiKTeX 2.9\tex\latex\upquote
\upquote.sty"
Package: upquote 2012/04/19 v1.3 upright-quote and grave-accent glyphs in verba
tim
)
("C:\Users\John Fitzpatrick\AppData\Local\Programs\MiKTeX 2.9\tex\latex\appendi
x\appendix.sty"
Package: appendix 2009/09/02 v1.2b extra appendix facilities
\c@@pps=\count99
\c@@ppsavesec=\count100
\c@@ppsaveapp=\count101
)
("C:\Users\John Fitzpatrick\AppData\Local\Programs\MiKTeX 2.9\tex\latex\placein
s\placeins.sty"
Package: placeins 2005/04/18  v 2.2
)
("C:\Users\John Fitzpatrick\AppData\Local\Programs\MiKTeX 2.9\tex\latex\graphic
s\graphicx.sty"
Package: graphicx 2017/06/01 v1.1a Enhanced LaTeX Graphics (DPC,SPQR)

("C:\Users\John Fitzpatrick\AppData\Local\Programs\MiKTeX 2.9\tex\latex\graphic
s\graphics.sty"
Package: graphics 2017/06/25 v1.2c Standard LaTeX Graphics (DPC,SPQR)

("C:\Users\John Fitzpatrick\AppData\Local\Programs\MiKTeX 2.9\tex\latex\graphic
s\trig.sty"
Package: trig 2016/01/03 v1.10 sin cos tan (DPC)
)
("C:\Users\John Fitzpatrick\AppData\Local\Programs\MiKTeX 2.9\tex\latex\graphic
s-cfg\graphics.cfg"
File: graphics.cfg 2016/06/04 v1.11 sample graphics configuration
)
Package graphics Info: Driver file: pdftex.def on input line 99.
)
\Gin@req@height=\dimen107
\Gin@req@width=\dimen108
)
("C:\Users\John Fitzpatrick\AppData\Local\Programs\MiKTeX 2.9\tex\latex\biblate
x\biblatex.sty"
Package: biblatex 2018/11/02 v3.12 programmable bibliographies (PK/MW)

("C:\Users\John Fitzpatrick\AppData\Local\Programs\MiKTeX 2.9\tex\latex\etoolbo
x\etoolbox.sty"
Package: etoolbox 2018/08/19 v2.5f e-TeX tools for LaTeX (JAW)
\etb@tempcnta=\count102
)
("C:\Users\John Fitzpatrick\AppData\Local\Programs\MiKTeX 2.9\tex\latex\logreq\
logreq.sty"
Package: logreq 2010/08/04 v1.0 xml request logger
\lrq@indent=\count103

("C:\Users\John Fitzpatrick\AppData\Local\Programs\MiKTeX 2.9\tex\latex\logreq\
logreq.def"
File: logreq.def 2010/08/04 v1.0 logreq spec v1.0
))
("C:\Users\John Fitzpatrick\AppData\Local\Programs\MiKTeX 2.9\tex\latex\base\if
then.sty"
Package: ifthen 2014/09/29 v1.1c Standard LaTeX ifthen package (DPC)
)
\c@tabx@nest=\count104
\c@listtotal=\count105
\c@listcount=\count106
\c@liststart=\count107
\c@liststop=\count108
\c@citecount=\count109
\c@citetotal=\count110
\c@multicitecount=\count111
\c@multicitetotal=\count112
\c@instcount=\count113
\c@maxnames=\count114
\c@minnames=\count115
\c@maxitems=\count116
\c@minitems=\count117
\c@citecounter=\count118
\c@maxcitecounter=\count119
\c@savedcitecounter=\count120
\c@uniquelist=\count121
\c@uniquename=\count122
\c@refsection=\count123
\c@refsegment=\count124
\c@maxextratitle=\count125
\c@maxextratitleyear=\count126
\c@maxextraname=\count127
\c@maxextradate=\count128
\c@maxextraalpha=\count129
\c@abbrvpenalty=\count130
\c@highnamepenalty=\count131
\c@lownamepenalty=\count132
\c@maxparens=\count133
\c@parenlevel=\count134
\blx@tempcnta=\count135
\blx@tempcntb=\count136
\blx@tempcntc=\count137
\blx@maxsection=\count138
\blx@maxsegment@0=\count139
\blx@notetype=\count140
\blx@parenlevel@text=\count141
\blx@parenlevel@foot=\count142
\blx@sectionciteorder@0=\count143
\blx@entrysetcounter=\count144
\labelnumberwidth=\skip58
\labelalphawidth=\skip59
\biblabelsep=\skip60
\bibitemsep=\skip61
\bibnamesep=\skip62
\bibinitsep=\skip63
\bibparsep=\skip64
\bibhang=\skip65
\blx@bcfin=\read1
\blx@bcfout=\write3
\c@mincomprange=\count145
\c@maxcomprange=\count146
\c@mincompwidth=\count147
Package biblatex Info: Trying to load biblatex default data model...
Package biblatex Info: ... file 'blx-dm.def' found.

("C:\Users\John Fitzpatrick\AppData\Local\Programs\MiKTeX 2.9\tex\latex\biblate
x\blx-dm.def"
File: blx-dm.def 2018/11/02 v3.12 biblatex localization (PK/MW)
)
Package biblatex Info: Trying to load biblatex style data model...
Package biblatex Info: ... file 'authoryear.dbx' not found.
Package biblatex Info: Trying to load biblatex custom data model...
Package biblatex Info: ... file 'biblatex-dm.cfg' not found.
\c@afterword=\count148
\c@savedafterword=\count149
\c@annotator=\count150
\c@savedannotator=\count151
\c@author=\count152
\c@savedauthor=\count153
\c@bookauthor=\count154
\c@savedbookauthor=\count155
\c@commentator=\count156
\c@savedcommentator=\count157
\c@editor=\count158
\c@savededitor=\count159
\c@editora=\count160
\c@savededitora=\count161
\c@editorb=\count162
\c@savededitorb=\count163
\c@editorc=\count164
\c@savededitorc=\count165
\c@foreword=\count166
\c@savedforeword=\count167
\c@holder=\count168
\c@savedholder=\count169
\c@introduction=\count170
\c@savedintroduction=\count171
\c@namea=\count172
\c@savednamea=\count173
\c@nameb=\count174
\c@savednameb=\count175
\c@namec=\count176
\c@savednamec=\count177
\c@translator=\count178
\c@savedtranslator=\count179
\c@shortauthor=\count180
\c@savedshortauthor=\count181
\c@shorteditor=\count182
\c@savedshorteditor=\count183
\c@labelname=\count184
\c@savedlabelname=\count185
\c@institution=\count186
\c@savedinstitution=\count187
\c@lista=\count188
\c@savedlista=\count189
\c@listb=\count190
\c@savedlistb=\count191
\c@listc=\count192
\c@savedlistc=\count193
\c@listd=\count194
\c@savedlistd=\count195
\c@liste=\count196
\c@savedliste=\count197
\c@listf=\count198
\c@savedlistf=\count199
\c@location=\count266
\c@savedlocation=\count267
\c@organization=\count268
\c@savedorganization=\count269
\c@origlocation=\count270
\c@savedoriglocation=\count271
\c@origpublisher=\count272
\c@savedorigpublisher=\count273
\c@publisher=\count274
\c@savedpublisher=\count275
\c@language=\count276
\c@savedlanguage=\count277
\c@origlanguage=\count278
\c@savedoriglanguage=\count279
\c@pageref=\count280
\c@savedpageref=\count281
\shorthandwidth=\skip66
\shortjournalwidth=\skip67
\shortserieswidth=\skip68
\shorttitlewidth=\skip69
\shortauthorwidth=\skip70
\shorteditorwidth=\skip71
\locallabelnumberwidth=\skip72
\locallabelalphawidth=\skip73
\localshorthandwidth=\skip74
\localshortjournalwidth=\skip75
\localshortserieswidth=\skip76
\localshorttitlewidth=\skip77
\localshortauthorwidth=\skip78
\localshorteditorwidth=\skip79
Package biblatex Info: Trying to load compatibility code...
Package biblatex Info: ... file 'blx-compat.def' found.

("C:\Users\John Fitzpatrick\AppData\Local\Programs\MiKTeX 2.9\tex\latex\biblate
x\blx-compat.def"
File: blx-compat.def 2018/11/02 v3.12 biblatex compatibility (PK/MW)
)
Package biblatex Info: Trying to load generic definitions...
Package biblatex Info: ... file 'biblatex.def' found.

("C:\Users\John Fitzpatrick\AppData\Local\Programs\MiKTeX 2.9\tex\latex\biblate
x\biblatex.def"
File: biblatex.def 2018/11/02 v3.12 biblatex compatibility (PK/MW)
\c@textcitecount=\count282
\c@textcitetotal=\count283
\c@textcitemaxnames=\count284
\c@biburlnumpenalty=\count285
\c@biburlucpenalty=\count286
\c@biburllcpenalty=\count287
\c@smartand=\count288
)
Package biblatex Info: Trying to load natbib compatibility...
Package biblatex Info: ... file 'blx-natbib.def' found.

("C:\Users\John Fitzpatrick\AppData\Local\Programs\MiKTeX 2.9\tex\latex\biblate
x\blx-natbib.def"
File: blx-natbib.def 2018/11/02 v3.12 biblatex compatibility (PK/MW)
Package biblatex Info: Delimiter 'nameyeardelim' in context '' already defined,
 overwriting.
)
Package biblatex Info: Trying to load bibliography style 'authoryear'...
Package biblatex Info: ... file 'authoryear.bbx' found.

("C:\Users\John Fitzpatrick\AppData\Local\Programs\MiKTeX 2.9\tex\latex\biblate
x\bbx\authoryear.bbx"
File: authoryear.bbx 2018/11/02 v3.12 biblatex bibliography style (PK/MW)
Package biblatex Info: Trying to load bibliography style 'standard'...
Package biblatex Info: ... file 'standard.bbx' found.

("C:\Users\John Fitzpatrick\AppData\Local\Programs\MiKTeX 2.9\tex\latex\biblate
x\bbx\standard.bbx"
File: standard.bbx 2018/11/02 v3.12 biblatex bibliography style (PK/MW)
\c@bbx:relatedcount=\count289
\c@bbx:relatedtotal=\count290
))
Package biblatex Info: Trying to load citation style 'authoryear'...
Package biblatex Info: ... file 'authoryear.cbx' found.

("C:\Users\John Fitzpatrick\AppData\Local\Programs\MiKTeX 2.9\tex\latex\biblate
x\cbx\authoryear.cbx"
File: authoryear.cbx 2018/11/02 v3.12 biblatex citation style (PK/MW)
Package biblatex Info: Redefining '\cite'.
Package biblatex Info: Redefining '\parencite'.
Package biblatex Info: Redefining '\footcite'.
Package biblatex Info: Redefining '\footcitetext'.
Package biblatex Info: Redefining '\smartcite'.
Package biblatex Info: Redefining '\textcite'.
Package biblatex Info: Redefining '\textcites'.
)
Package biblatex Info: Trying to load configuration file...
Package biblatex Info: ... file 'biblatex.cfg' found.

("C:\Users\John Fitzpatrick\AppData\Local\Programs\MiKTeX 2.9\tex\latex\biblate
x\biblatex.cfg"
File: biblatex.cfg 
))
("C:\Users\John Fitzpatrick\AppData\Local\Programs\MiKTeX 2.9\tex\latex\todonot
es\todonotes.sty"
Package: todonotes 2018/11/22 v1.1.1 Todonotes source and documentation.
Package: todonotes 2018/11/22

("C:\Users\John Fitzpatrick\AppData\Local\Programs\MiKTeX 2.9\tex\latex\xkeyval
\xkeyval.sty"
Package: xkeyval 2014/12/03 v2.7a package option processing (HA)

("C:\Users\John Fitzpatrick\AppData\Local\Programs\MiKTeX 2.9\tex\generic\xkeyv
al\xkeyval.tex"
("C:\Users\John Fitzpatrick\AppData\Local\Programs\MiKTeX 2.9\tex\generic\xkeyv
al\xkvutils.tex"
\XKV@toks=\toks15
\XKV@tempa@toks=\toks16
)
\XKV@depth=\count291
File: xkeyval.tex 2014/12/03 v2.7a key=value parser (HA)
))
("C:\Users\John Fitzpatrick\AppData\Local\Programs\MiKTeX 2.9\tex\latex\pgf\fro
ntendlayer\tikz.sty"
("C:\Users\John Fitzpatrick\AppData\Local\Programs\MiKTeX 2.9\tex\latex\pgf\bas
iclayer\pgf.sty"
("C:\Users\John Fitzpatrick\AppData\Local\Programs\MiKTeX 2.9\tex\latex\pgf\uti
lities\pgfrcs.sty"
("C:\Users\John Fitzpatrick\AppData\Local\Programs\MiKTeX 2.9\tex\generic\pgf\u
tilities\pgfutil-common.tex"
\pgfutil@everybye=\toks17
\pgfutil@tempdima=\dimen109
\pgfutil@tempdimb=\dimen110

("C:\Users\John Fitzpatrick\AppData\Local\Programs\MiKTeX 2.9\tex\generic\pgf\u
tilities\pgfutil-common-lists.tex"))
("C:\Users\John Fitzpatrick\AppData\Local\Programs\MiKTeX 2.9\tex\generic\pgf\u
tilities\pgfutil-latex.def"
\pgfutil@abb=\box28

("C:\Users\John Fitzpatrick\AppData\Local\Programs\MiKTeX 2.9\tex\latex\ms\ever
yshi.sty"
Package: everyshi 2001/05/15 v3.00 EveryShipout Package (MS)
))
("C:\Users\John Fitzpatrick\AppData\Local\Programs\MiKTeX 2.9\tex\generic\pgf\u
tilities\pgfrcs.code.tex"
Package: pgfrcs 2015/08/07 v3.0.1a (rcs-revision 1.31)
))
Package: pgf 2015/08/07 v3.0.1a (rcs-revision 1.15)

("C:\Users\John Fitzpatrick\AppData\Local\Programs\MiKTeX 2.9\tex\latex\pgf\bas
iclayer\pgfcore.sty"
("C:\Users\John Fitzpatrick\AppData\Local\Programs\MiKTeX 2.9\tex\latex\pgf\sys
temlayer\pgfsys.sty"
("C:\Users\John Fitzpatrick\AppData\Local\Programs\MiKTeX 2.9\tex\generic\pgf\s
ystemlayer\pgfsys.code.tex"
Package: pgfsys 2014/07/09 v3.0.1a (rcs-revision 1.48)

("C:\Users\John Fitzpatrick\AppData\Local\Programs\MiKTeX 2.9\tex\generic\pgf\u
tilities\pgfkeys.code.tex"
\pgfkeys@pathtoks=\toks18
\pgfkeys@temptoks=\toks19

("C:\Users\John Fitzpatrick\AppData\Local\Programs\MiKTeX 2.9\tex\generic\pgf\u
tilities\pgfkeysfiltered.code.tex"
\pgfkeys@tmptoks=\toks20
))
\pgf@x=\dimen111
\pgf@y=\dimen112
\pgf@xa=\dimen113
\pgf@ya=\dimen114
\pgf@xb=\dimen115
\pgf@yb=\dimen116
\pgf@xc=\dimen117
\pgf@yc=\dimen118
\w@pgf@writea=\write4
\r@pgf@reada=\read2
\c@pgf@counta=\count292
\c@pgf@countb=\count293
\c@pgf@countc=\count294
\c@pgf@countd=\count295
\t@pgf@toka=\toks21
\t@pgf@tokb=\toks22
\t@pgf@tokc=\toks23

("C:\Users\John Fitzpatrick\AppData\Local\Programs\MiKTeX 2.9\tex\generic\pgf\s
ystemlayer\pgf.cfg"
File: pgf.cfg 2008/05/14  (rcs-revision 1.7)
)
Driver file for pgf: pgfsys-pdftex.def

("C:\Users\John Fitzpatrick\AppData\Local\Programs\MiKTeX 2.9\tex\generic\pgf\s
ystemlayer\pgfsys-pdftex.def"
File: pgfsys-pdftex.def 2014/10/11  (rcs-revision 1.35)

("C:\Users\John Fitzpatrick\AppData\Local\Programs\MiKTeX 2.9\tex\generic\pgf\s
ystemlayer\pgfsys-common-pdf.def"
File: pgfsys-common-pdf.def 2013/10/10  (rcs-revision 1.13)
)))
("C:\Users\John Fitzpatrick\AppData\Local\Programs\MiKTeX 2.9\tex\generic\pgf\s
ystemlayer\pgfsyssoftpath.code.tex"
File: pgfsyssoftpath.code.tex 2013/09/09  (rcs-revision 1.9)
\pgfsyssoftpath@smallbuffer@items=\count296
\pgfsyssoftpath@bigbuffer@items=\count297
)
("C:\Users\John Fitzpatrick\AppData\Local\Programs\MiKTeX 2.9\tex\generic\pgf\s
ystemlayer\pgfsysprotocol.code.tex"
File: pgfsysprotocol.code.tex 2006/10/16  (rcs-revision 1.4)
))
("C:\Users\John Fitzpatrick\AppData\Local\Programs\MiKTeX 2.9\tex\generic\pgf\b
asiclayer\pgfcore.code.tex"
Package: pgfcore 2010/04/11 v3.0.1a (rcs-revision 1.7)

("C:\Users\John Fitzpatrick\AppData\Local\Programs\MiKTeX 2.9\tex\generic\pgf\m
ath\pgfmath.code.tex"
("C:\Users\John Fitzpatrick\AppData\Local\Programs\MiKTeX 2.9\tex\generic\pgf\m
ath\pgfmathcalc.code.tex"
("C:\Users\John Fitzpatrick\AppData\Local\Programs\MiKTeX 2.9\tex\generic\pgf\m
ath\pgfmathutil.code.tex")
("C:\Users\John Fitzpatrick\AppData\Local\Programs\MiKTeX 2.9\tex\generic\pgf\m
ath\pgfmathparser.code.tex"
\pgfmath@dimen=\dimen119
\pgfmath@count=\count298
\pgfmath@box=\box29
\pgfmath@toks=\toks24
\pgfmath@stack@operand=\toks25
\pgfmath@stack@operation=\toks26
)
("C:\Users\John Fitzpatrick\AppData\Local\Programs\MiKTeX 2.9\tex\generic\pgf\m
ath\pgfmathfunctions.code.tex"
("C:\Users\John Fitzpatrick\AppData\Local\Programs\MiKTeX 2.9\tex\generic\pgf\m
ath\pgfmathfunctions.basic.code.tex")
("C:\Users\John Fitzpatrick\AppData\Local\Programs\MiKTeX 2.9\tex\generic\pgf\m
ath\pgfmathfunctions.trigonometric.code.tex")
("C:\Users\John Fitzpatrick\AppData\Local\Programs\MiKTeX 2.9\tex\generic\pgf\m
ath\pgfmathfunctions.random.code.tex")
("C:\Users\John Fitzpatrick\AppData\Local\Programs\MiKTeX 2.9\tex\generic\pgf\m
ath\pgfmathfunctions.comparison.code.tex")
("C:\Users\John Fitzpatrick\AppData\Local\Programs\MiKTeX 2.9\tex\generic\pgf\m
ath\pgfmathfunctions.base.code.tex")
("C:\Users\John Fitzpatrick\AppData\Local\Programs\MiKTeX 2.9\tex\generic\pgf\m
ath\pgfmathfunctions.round.code.tex")
("C:\Users\John Fitzpatrick\AppData\Local\Programs\MiKTeX 2.9\tex\generic\pgf\m
ath\pgfmathfunctions.misc.code.tex")
("C:\Users\John Fitzpatrick\AppData\Local\Programs\MiKTeX 2.9\tex\generic\pgf\m
ath\pgfmathfunctions.integerarithmetics.code.tex")))
("C:\Users\John Fitzpatrick\AppData\Local\Programs\MiKTeX 2.9\tex\generic\pgf\m
ath\pgfmathfloat.code.tex"
\c@pgfmathroundto@lastzeros=\count299
))
("C:\Users\John Fitzpatrick\AppData\Local\Programs\MiKTeX 2.9\tex\generic\pgf\b
asiclayer\pgfcorepoints.code.tex"
File: pgfcorepoints.code.tex 2013/10/07  (rcs-revision 1.27)
\pgf@picminx=\dimen120
\pgf@picmaxx=\dimen121
\pgf@picminy=\dimen122
\pgf@picmaxy=\dimen123
\pgf@pathminx=\dimen124
\pgf@pathmaxx=\dimen125
\pgf@pathminy=\dimen126
\pgf@pathmaxy=\dimen127
\pgf@xx=\dimen128
\pgf@xy=\dimen129
\pgf@yx=\dimen130
\pgf@yy=\dimen131
\pgf@zx=\dimen132
\pgf@zy=\dimen133
)
("C:\Users\John Fitzpatrick\AppData\Local\Programs\MiKTeX 2.9\tex\generic\pgf\b
asiclayer\pgfcorepathconstruct.code.tex"
File: pgfcorepathconstruct.code.tex 2013/10/07  (rcs-revision 1.29)
\pgf@path@lastx=\dimen134
\pgf@path@lasty=\dimen135
)
("C:\Users\John Fitzpatrick\AppData\Local\Programs\MiKTeX 2.9\tex\generic\pgf\b
asiclayer\pgfcorepathusage.code.tex"
File: pgfcorepathusage.code.tex 2014/11/02  (rcs-revision 1.24)
\pgf@shorten@end@additional=\dimen136
\pgf@shorten@start@additional=\dimen137
)
("C:\Users\John Fitzpatrick\AppData\Local\Programs\MiKTeX 2.9\tex\generic\pgf\b
asiclayer\pgfcorescopes.code.tex"
File: pgfcorescopes.code.tex 2015/05/08  (rcs-revision 1.46)
\pgfpic=\box30
\pgf@hbox=\box31
\pgf@layerbox@main=\box32
\pgf@picture@serial@count=\count300
)
("C:\Users\John Fitzpatrick\AppData\Local\Programs\MiKTeX 2.9\tex\generic\pgf\b
asiclayer\pgfcoregraphicstate.code.tex"
File: pgfcoregraphicstate.code.tex 2014/11/02  (rcs-revision 1.12)
\pgflinewidth=\dimen138
)
("C:\Users\John Fitzpatrick\AppData\Local\Programs\MiKTeX 2.9\tex\generic\pgf\b
asiclayer\pgfcoretransformations.code.tex"
File: pgfcoretransformations.code.tex 2015/08/07  (rcs-revision 1.20)
\pgf@pt@x=\dimen139
\pgf@pt@y=\dimen140
\pgf@pt@temp=\dimen141
)
("C:\Users\John Fitzpatrick\AppData\Local\Programs\MiKTeX 2.9\tex\generic\pgf\b
asiclayer\pgfcorequick.code.tex"
File: pgfcorequick.code.tex 2008/10/09  (rcs-revision 1.3)
)
("C:\Users\John Fitzpatrick\AppData\Local\Programs\MiKTeX 2.9\tex\generic\pgf\b
asiclayer\pgfcoreobjects.code.tex"
File: pgfcoreobjects.code.tex 2006/10/11  (rcs-revision 1.2)
)
("C:\Users\John Fitzpatrick\AppData\Local\Programs\MiKTeX 2.9\tex\generic\pgf\b
asiclayer\pgfcorepathprocessing.code.tex"
File: pgfcorepathprocessing.code.tex 2013/09/09  (rcs-revision 1.9)
)
("C:\Users\John Fitzpatrick\AppData\Local\Programs\MiKTeX 2.9\tex\generic\pgf\b
asiclayer\pgfcorearrows.code.tex"
File: pgfcorearrows.code.tex 2015/05/14  (rcs-revision 1.43)
\pgfarrowsep=\dimen142
)
("C:\Users\John Fitzpatrick\AppData\Local\Programs\MiKTeX 2.9\tex\generic\pgf\b
asiclayer\pgfcoreshade.code.tex"
File: pgfcoreshade.code.tex 2013/07/15  (rcs-revision 1.15)
\pgf@max=\dimen143
\pgf@sys@shading@range@num=\count301
)
("C:\Users\John Fitzpatrick\AppData\Local\Programs\MiKTeX 2.9\tex\generic\pgf\b
asiclayer\pgfcoreimage.code.tex"
File: pgfcoreimage.code.tex 2013/07/15  (rcs-revision 1.18)

("C:\Users\John Fitzpatrick\AppData\Local\Programs\MiKTeX 2.9\tex\generic\pgf\b
asiclayer\pgfcoreexternal.code.tex"
File: pgfcoreexternal.code.tex 2014/07/09  (rcs-revision 1.21)
\pgfexternal@startupbox=\box33
))
("C:\Users\John Fitzpatrick\AppData\Local\Programs\MiKTeX 2.9\tex\generic\pgf\b
asiclayer\pgfcorelayers.code.tex"
File: pgfcorelayers.code.tex 2013/07/18  (rcs-revision 1.7)
)
("C:\Users\John Fitzpatrick\AppData\Local\Programs\MiKTeX 2.9\tex\generic\pgf\b
asiclayer\pgfcoretransparency.code.tex"
File: pgfcoretransparency.code.tex 2013/09/30  (rcs-revision 1.5)
)
("C:\Users\John Fitzpatrick\AppData\Local\Programs\MiKTeX 2.9\tex\generic\pgf\b
asiclayer\pgfcorepatterns.code.tex"
File: pgfcorepatterns.code.tex 2013/11/07  (rcs-revision 1.5)
)))
("C:\Users\John Fitzpatrick\AppData\Local\Programs\MiKTeX 2.9\tex\generic\pgf\m
odules\pgfmoduleshapes.code.tex"
File: pgfmoduleshapes.code.tex 2014/03/21  (rcs-revision 1.35)
\pgfnodeparttextbox=\box34
)
("C:\Users\John Fitzpatrick\AppData\Local\Programs\MiKTeX 2.9\tex\generic\pgf\m
odules\pgfmoduleplot.code.tex"
File: pgfmoduleplot.code.tex 2015/08/03  (rcs-revision 1.13)
)
("C:\Users\John Fitzpatrick\AppData\Local\Programs\MiKTeX 2.9\tex\latex\pgf\com
patibility\pgfcomp-version-0-65.sty"
Package: pgfcomp-version-0-65 2007/07/03 v3.0.1a (rcs-revision 1.7)
\pgf@nodesepstart=\dimen144
\pgf@nodesepend=\dimen145
)
("C:\Users\John Fitzpatrick\AppData\Local\Programs\MiKTeX 2.9\tex\latex\pgf\com
patibility\pgfcomp-version-1-18.sty"
Package: pgfcomp-version-1-18 2007/07/23 v3.0.1a (rcs-revision 1.1)
))
("C:\Users\John Fitzpatrick\AppData\Local\Programs\MiKTeX 2.9\tex\latex\pgf\uti
lities\pgffor.sty"
("C:\Users\John Fitzpatrick\AppData\Local\Programs\MiKTeX 2.9\tex\latex\pgf\uti
lities\pgfkeys.sty"
("C:\Users\John Fitzpatrick\AppData\Local\Programs\MiKTeX 2.9\tex\generic\pgf\u
tilities\pgfkeys.code.tex"))
("C:\Users\John Fitzpatrick\AppData\Local\Programs\MiKTeX 2.9\tex\latex\pgf\mat
h\pgfmath.sty"
("C:\Users\John Fitzpatrick\AppData\Local\Programs\MiKTeX 2.9\tex\generic\pgf\m
ath\pgfmath.code.tex"))
("C:\Users\John Fitzpatrick\AppData\Local\Programs\MiKTeX 2.9\tex\generic\pgf\u
tilities\pgffor.code.tex"
Package: pgffor 2013/12/13 v3.0.1a (rcs-revision 1.25)

("C:\Users\John Fitzpatrick\AppData\Local\Programs\MiKTeX 2.9\tex\generic\pgf\m
ath\pgfmath.code.tex")
\pgffor@iter=\dimen146
\pgffor@skip=\dimen147
\pgffor@stack=\toks27
\pgffor@toks=\toks28
))
("C:\Users\John Fitzpatrick\AppData\Local\Programs\MiKTeX 2.9\tex\generic\pgf\f
rontendlayer\tikz\tikz.code.tex"
Package: tikz 2015/08/07 v3.0.1a (rcs-revision 1.151)

("C:\Users\John Fitzpatrick\AppData\Local\Programs\MiKTeX 2.9\tex\generic\pgf\l
ibraries\pgflibraryplothandlers.code.tex"
File: pgflibraryplothandlers.code.tex 2013/08/31 v3.0.1a (rcs-revision 1.20)
\pgf@plot@mark@count=\count302
\pgfplotmarksize=\dimen148
)
\tikz@lastx=\dimen149
\tikz@lasty=\dimen150
\tikz@lastxsaved=\dimen151
\tikz@lastysaved=\dimen152
\tikzleveldistance=\dimen153
\tikzsiblingdistance=\dimen154
\tikz@figbox=\box35
\tikz@figbox@bg=\box36
\tikz@tempbox=\box37
\tikz@tempbox@bg=\box38
\tikztreelevel=\count303
\tikznumberofchildren=\count304
\tikznumberofcurrentchild=\count305
\tikz@fig@count=\count306

("C:\Users\John Fitzpatrick\AppData\Local\Programs\MiKTeX 2.9\tex\generic\pgf\m
odules\pgfmodulematrix.code.tex"
File: pgfmodulematrix.code.tex 2013/09/17  (rcs-revision 1.8)
\pgfmatrixcurrentrow=\count307
\pgfmatrixcurrentcolumn=\count308
\pgf@matrix@numberofcolumns=\count309
)
\tikz@expandcount=\count310

("C:\Users\John Fitzpatrick\AppData\Local\Programs\MiKTeX 2.9\tex\generic\pgf\f
rontendlayer\tikz\libraries\tikzlibrarytopaths.code.tex"
File: tikzlibrarytopaths.code.tex 2008/06/17 v3.0.1a (rcs-revision 1.2)
)))
("C:\Users\John Fitzpatrick\AppData\Local\Programs\MiKTeX 2.9\tex\generic\pgf\f
rontendlayer\tikz\libraries\tikzlibrarypositioning.code.tex"
File: tikzlibrarypositioning.code.tex 2008/10/06 v3.0.1a (rcs-revision 1.7)
)
("C:\Users\John Fitzpatrick\AppData\Local\Programs\MiKTeX 2.9\tex\generic\pgf\f
rontendlayer\tikz\libraries\tikzlibraryshadows.code.tex"
File: tikzlibraryshadows.code.tex 2008/01/13 v3.0.1a (rcs-revision 1.3)

("C:\Users\John Fitzpatrick\AppData\Local\Programs\MiKTeX 2.9\tex\generic\pgf\f
rontendlayer\tikz\libraries\tikzlibraryfadings.code.tex"
File: tikzlibraryfadings.code.tex 2009/11/15 v3.0.1a (rcs-revision 1.2)

("C:\Users\John Fitzpatrick\AppData\Local\Programs\MiKTeX 2.9\tex\generic\pgf\l
ibraries\pgflibraryfadings.code.tex"
File: pgflibraryfadings.code.tex 2008/02/07 v3.0.1a (rcs-revision 1.3)
)))
("C:\Users\John Fitzpatrick\AppData\Local\Programs\MiKTeX 2.9\tex\latex\tools\c
alc.sty"
Package: calc 2017/05/25 v4.3 Infix arithmetic (KKT,FJ)
\calc@Acount=\count311
\calc@Bcount=\count312
\calc@Adimen=\dimen155
\calc@Bdimen=\dimen156
\calc@Askip=\skip80
\calc@Bskip=\skip81
LaTeX Info: Redefining \setlength on input line 80.
LaTeX Info: Redefining \addtolength on input line 81.
\calc@Ccount=\count313
\calc@Cskip=\skip82
)
\c@@todonotes@numberoftodonotes=\count314
)
("C:\Users\John Fitzpatrick\AppData\Local\Programs\MiKTeX 2.9\tex\latex\listing
s\listings.sty"
\lst@mode=\count315
\lst@gtempboxa=\box39
\lst@token=\toks29
\lst@length=\count316
\lst@currlwidth=\dimen157
\lst@column=\count317
\lst@pos=\count318
\lst@lostspace=\dimen158
\lst@width=\dimen159
\lst@newlines=\count319
\lst@lineno=\count320
\lst@maxwidth=\dimen160

("C:\Users\John Fitzpatrick\AppData\Local\Programs\MiKTeX 2.9\tex\latex\listing
s\lstmisc.sty"
File: lstmisc.sty 2018/09/02 1.7 (Carsten Heinz)
\c@lstnumber=\count321
\lst@skipnumbers=\count322
\lst@framebox=\box40
)
("C:\Users\John Fitzpatrick\AppData\Local\Programs\MiKTeX 2.9\tex\latex\listing
s\listings.cfg"
File: listings.cfg 2018/09/02 1.7 listings configuration
))
Package: listings 2018/09/02 1.7 (Carsten Heinz)

("C:\Users\John Fitzpatrick\AppData\Local\Programs\MiKTeX 2.9\tex\latex\listing
s\lstlang1.sty"
File: lstlang1.sty 2018/09/02 1.7 listings language file
)
("C:\Users\John Fitzpatrick\AppData\Local\Programs\MiKTeX 2.9\tex\latex\caption
\caption.sty"
Package: caption 2018/10/06 v3.3-154 Customizing captions (AR)

("C:\Users\John Fitzpatrick\AppData\Local\Programs\MiKTeX 2.9\tex\latex\caption
\caption3.sty"
Package: caption3 2018/09/12 v1.8c caption3 kernel (AR)
Package caption3 Info: TeX engine: e-TeX on input line 64.
\captionmargin=\dimen161
\captionmargin@=\dimen162
\captionwidth=\dimen163
\caption@tempdima=\dimen164
\caption@indent=\dimen165
\caption@parindent=\dimen166
\caption@hangindent=\dimen167
)
Package caption Info: KOMA-Script document class.
\c@caption@flags=\count323
\c@ContinuedFloat=\count324
Package caption Info: hyperref package is loaded.
Package caption Info: listings package is loaded.
)
("C:\Users\John Fitzpatrick\AppData\Local\Programs\MiKTeX 2.9\tex\latex\abstrac
t\abstract.sty"
Package: abstract 2009/06/08 v1.2a configurable abstracts
\abstitleskip=\skip83
\absleftindent=\skip84
\absrightindent=\skip85
\absparindent=\skip86
\absparsep=\skip87
)
("C:\Users\John Fitzpatrick\AppData\Local\Programs\MiKTeX 2.9\tex\latex\minted\
minted.sty"
Package: minted 2017/07/19 v2.5 Yet another Pygments shim for LaTeX

("C:\Users\John Fitzpatrick\AppData\Local\Programs\MiKTeX 2.9\tex\latex\fvextra
\fvextra.sty"
Package: fvextra 2019/02/04 v1.4 fvextra - extensions and patches for fancyvrb

("C:\Users\John Fitzpatrick\AppData\Local\Programs\MiKTeX 2.9\tex\latex\fancyvr
b\fancyvrb.sty"
Package: fancyvrb 2019/01/15
 Style option: `fancyvrb' v3.2a <2019/01/15> (tvz)
\FV@CodeLineNo=\count325
\FV@InFile=\read3
\FV@TabBox=\box41
\c@FancyVerbLine=\count326
\FV@StepNumber=\count327
\FV@OutFile=\write5
)
("C:\Users\John Fitzpatrick\AppData\Local\Programs\MiKTeX 2.9\tex\latex\lineno\
lineno.sty"
Package: lineno 2005/11/02 line numbers on paragraphs v4.41
\linenopenalty=\count328
\output=\toks30
\linenoprevgraf=\count329
\linenumbersep=\dimen168
\linenumberwidth=\dimen169
\c@linenumber=\count330
\c@pagewiselinenumber=\count331
\c@LN@truepage=\count332
\c@internallinenumber=\count333
\c@internallinenumbers=\count334
\quotelinenumbersep=\dimen170
\bframerule=\dimen171
\bframesep=\dimen172
\bframebox=\box42
LaTeX Info: Redefining \\ on input line 3056.
)
\c@FV@TrueTabGroupLevel=\count335
\c@FV@TrueTabCounter=\count336
\FV@TabBox@Group=\box43
\FV@TmpLength=\skip88
\c@FV@HighlightLinesStart=\count337
\c@FV@HighlightLinesStop=\count338
\FV@LoopCount=\count339
\FV@NCharsBox=\box44
\FV@BreakIndent=\dimen173
\FV@BreakIndentNChars=\count340
\FV@BreakSymbolSepLeft=\dimen174
\FV@BreakSymbolSepLeftNChars=\count341
\FV@BreakSymbolSepRight=\dimen175
\FV@BreakSymbolSepRightNChars=\count342
\FV@BreakSymbolIndentLeft=\dimen176
\FV@BreakSymbolIndentLeftNChars=\count343
\FV@BreakSymbolIndentRight=\dimen177
\FV@BreakSymbolIndentRightNChars=\count344
\c@FancyVerbLineBreakLast=\count345
\FV@LineBox=\box45
\FV@LineIndentBox=\box46
\FV@LineWidth=\dimen178
)
("C:\Users\John Fitzpatrick\AppData\Local\Programs\MiKTeX 2.9\tex\latex\tools\s
hellesc.sty"
Package: shellesc 2016/06/07 v0.02a unified shell escape interface for LaTeX
Package shellesc Info: Unrestricted shell escape enabled on input line 67.
)
("C:\Users\John Fitzpatrick\AppData\Local\Programs\MiKTeX 2.9\tex\latex\ifplatf
orm\ifplatform.sty"
Package: ifplatform 2017/10/13 v0.4a Testing for the operating system

("C:\Users\John Fitzpatrick\AppData\Local\Programs\MiKTeX 2.9\tex\generic\oberd
iek\catchfile.sty"
Package: catchfile 2016/05/16 v1.7 Catch the contents of a file (HO)
))
("C:\Users\John Fitzpatrick\AppData\Local\Programs\MiKTeX 2.9\tex\latex\xstring
\xstring.sty"
("C:\Users\John Fitzpatrick\AppData\Local\Programs\MiKTeX 2.9\tex\generic\xstri
ng\xstring.tex"
\integerpart=\count346
\decimalpart=\count347
)
Package: xstring 2019/02/06 v1.83 String manipulations (CT)
)
("C:\Users\John Fitzpatrick\AppData\Local\Programs\MiKTeX 2.9\tex\latex\framed\
framed.sty"
Package: framed 2011/10/22 v 0.96: framed or shaded text with page breaks
\OuterFrameSep=\skip89
\fb@frw=\dimen179
\fb@frh=\dimen180
\FrameRule=\dimen181
\FrameSep=\dimen182
)
("C:\Users\John Fitzpatrick\AppData\Local\Programs\MiKTeX 2.9\tex\latex\float\f
loat.sty"
Package: float 2001/11/08 v1.3d Float enhancements (AL)
\c@float@type=\count348
\float@exts=\toks31
\float@box=\box47
\@float@everytoks=\toks32
\@floatcapt=\box48
)
\minted@appexistsfile=\read4
\minted@bgbox=\box49
\minted@code=\write6
\c@minted@FancyVerbLineTemp=\count349
\c@minted@pygmentizecounter=\count350
\@float@every@listing=\toks33
\c@listing=\count351
)
("C:\Users\John Fitzpatrick\AppData\Local\Programs\MiKTeX 2.9\tex\latex\textcas
e\textcase.sty"
Package: textcase 2004/10/07 v0.07 Text only upper/lower case changing (DPC)
)
("C:\Users\John Fitzpatrick\AppData\Local\Programs\MiKTeX 2.9\tex\latex\glossar
ies\base\glossaries.sty"
Package: glossaries 2019/01/06 v4.42 (NLCT)

("C:\Users\John Fitzpatrick\AppData\Local\Programs\MiKTeX 2.9\tex\latex\mfirstu
c\mfirstuc.sty"
Package: mfirstuc 2017/11/14 v2.06 (NLCT)
\@glsmfirst=\toks34
\@glsmrest=\toks35
)
("C:\Users\John Fitzpatrick\AppData\Local\Programs\MiKTeX 2.9\tex\latex\xfor\xf
or.sty"
Package: xfor 2009/02/05 v1.05 (NLCT)
)
("C:\Users\John Fitzpatrick\AppData\Local\Programs\MiKTeX 2.9\tex\latex\datatoo
l\datatool-base.sty"
Package: datatool-base 2018/12/07 v2.31 (NLCT)

("C:\Users\John Fitzpatrick\AppData\Local\Programs\MiKTeX 2.9\tex\latex\amsmath
\amsmath.sty"
Package: amsmath 2017/09/02 v2.17a AMS math features
\@mathmargin=\skip90

For additional information on amsmath, use the `?' option.

("C:\Users\John Fitzpatrick\AppData\Local\Programs\MiKTeX 2.9\tex\latex\amsmath
\amstext.sty"
Package: amstext 2000/06/29 v2.01 AMS text

("C:\Users\John Fitzpatrick\AppData\Local\Programs\MiKTeX 2.9\tex\latex\amsmath
\amsgen.sty"
File: amsgen.sty 1999/11/30 v2.0 generic functions
\@emptytoks=\toks36
\ex@=\dimen183
))
("C:\Users\John Fitzpatrick\AppData\Local\Programs\MiKTeX 2.9\tex\latex\amsmath
\amsbsy.sty"
Package: amsbsy 1999/11/29 v1.2d Bold Symbols
\pmbraise@=\dimen184
)
("C:\Users\John Fitzpatrick\AppData\Local\Programs\MiKTeX 2.9\tex\latex\amsmath
\amsopn.sty"
Package: amsopn 2016/03/08 v2.02 operator names
)
\inf@bad=\count352
LaTeX Info: Redefining \frac on input line 213.
\uproot@=\count353
\leftroot@=\count354
LaTeX Info: Redefining \overline on input line 375.
\classnum@=\count355
\DOTSCASE@=\count356
LaTeX Info: Redefining \ldots on input line 472.
LaTeX Info: Redefining \dots on input line 475.
LaTeX Info: Redefining \cdots on input line 596.
\Mathstrutbox@=\box50
\strutbox@=\box51
\big@size=\dimen185
LaTeX Font Info:    Redeclaring font encoding OML on input line 712.
LaTeX Font Info:    Redeclaring font encoding OMS on input line 713.
\macc@depth=\count357
\c@MaxMatrixCols=\count358
\dotsspace@=\muskip11
\c@parentequation=\count359
\dspbrk@lvl=\count360
\tag@help=\toks37
\row@=\count361
\column@=\count362
\maxfields@=\count363
\andhelp@=\toks38
\eqnshift@=\dimen186
\alignsep@=\dimen187
\tagshift@=\dimen188
\tagwidth@=\dimen189
\totwidth@=\dimen190
\lineht@=\dimen191
\@envbody=\toks39
\multlinegap=\skip91
\multlinetaggap=\skip92
\mathdisplay@stack=\toks40
LaTeX Info: Redefining \[ on input line 2817.
LaTeX Info: Redefining \] on input line 2818.
)
("C:\Users\John Fitzpatrick\AppData\Local\Programs\MiKTeX 2.9\tex\latex\substr\
substr.sty"
Package: substr 2009/10/20 v1.2 Handle substrings
\c@su@anzahl=\count364
)
("C:\Users\John Fitzpatrick\AppData\Local\Programs\MiKTeX 2.9\tex\latex\datatoo
l\datatool-fp.sty"
Package: datatool-fp 2018/12/07 v2.31 (NLCT)

("C:\Users\John Fitzpatrick\AppData\Local\Programs\MiKTeX 2.9\tex\latex\fp\fp.s
ty"
Package: fp 1995/04/02
 `Fixed Point Package', Version 0.8, April 2, 1995 (C) Michael Mehlich
("C:\Users\John Fitzpatrick\AppData\Local\Programs\MiKTeX 2.9\tex\latex\fp\defp
attern.sty"
Package: defpattern 1994/10/12
\actioncount=\count365
)
("C:\Users\John Fitzpatrick\AppData\Local\Programs\MiKTeX 2.9\tex\latex\fp\fp-b
asic.sty"
Package: fp-basic 1996/05/13
\FP@xs=\count366
\FP@xia=\count367
\FP@xib=\count368
\FP@xfa=\count369
\FP@xfb=\count370
\FP@rega=\count371
\FP@regb=\count372
\FP@regs=\count373
\FP@times=\count374
)
("C:\Users\John Fitzpatrick\AppData\Local\Programs\MiKTeX 2.9\tex\latex\fp\fp-a
ddons.sty"
Package: fp-addons 1995/03/15
)
("C:\Users\John Fitzpatrick\AppData\Local\Programs\MiKTeX 2.9\tex\latex\fp\fp-s
nap.sty"
Package: fp-snap 1995/04/05
)
("C:\Users\John Fitzpatrick\AppData\Local\Programs\MiKTeX 2.9\tex\latex\fp\fp-e
xp.sty"
Package: fp-exp 1995/04/03
)
("C:\Users\John Fitzpatrick\AppData\Local\Programs\MiKTeX 2.9\tex\latex\fp\fp-t
rigo.sty"
Package: fp-trigo 1995/04/14
)
("C:\Users\John Fitzpatrick\AppData\Local\Programs\MiKTeX 2.9\tex\latex\fp\fp-p
as.sty"
Package: fp-pas 1994/08/29
)
("C:\Users\John Fitzpatrick\AppData\Local\Programs\MiKTeX 2.9\tex\latex\fp\fp-r
andom.sty"
Package: fp-random 1995/02/23
\FPseed=\count375
)
("C:\Users\John Fitzpatrick\AppData\Local\Programs\MiKTeX 2.9\tex\latex\fp\fp-e
qn.sty"
Package: fp-eqn 1995/04/03
)
("C:\Users\John Fitzpatrick\AppData\Local\Programs\MiKTeX 2.9\tex\latex\fp\fp-u
pn.sty"
Package: fp-upn 1996/10/21
)
("C:\Users\John Fitzpatrick\AppData\Local\Programs\MiKTeX 2.9\tex\latex\fp\fp-e
val.sty"
Package: fp-eval 1995/04/03
)))
\@dtl@toks=\toks41
\@dtl@tmpcount=\count376
\dtl@tmplength=\skip93
\dtl@sortresult=\count377
\@dtl@numgrpsepcount=\count378
\@dtl@datatype=\count379
\dtl@codeA=\count380
\dtl@codeB=\count381
\@dtl@foreach@level=\count382
)
("C:\Users\John Fitzpatrick\AppData\Local\Programs\MiKTeX 2.9\tex\latex\glossar
ies\base\glossaries-compatible-307.sty"
Package: glossaries-compatible-307 2019/01/06 v4.42 (NLCT)
)
\gls@level=\count383
\@gls@tmpb=\toks42
\gls@tmplen=\skip94
\glskeylisttok=\toks43
\glslabeltok=\toks44
\glsshorttok=\toks45
\glslongtok=\toks46

("C:\Users\John Fitzpatrick\AppData\Local\Programs\MiKTeX 2.9\tex\latex\glossar
ies\styles\glossary-hypernav.sty"
Package: glossary-hypernav 2019/01/06 v4.42 (NLCT)
)
("C:\Users\John Fitzpatrick\AppData\Local\Programs\MiKTeX 2.9\tex\latex\glossar
ies\styles\glossary-list.sty"
Package: glossary-list 2019/01/06 v4.42 (NLCT)
\glslistdottedwidth=\skip95
)
("C:\Users\John Fitzpatrick\AppData\Local\Programs\MiKTeX 2.9\tex\latex\glossar
ies\styles\glossary-long.sty"
Package: glossary-long 2019/01/06 v4.42 (NLCT)

("C:\Users\John Fitzpatrick\AppData\Local\Programs\MiKTeX 2.9\tex\latex\tools\l
ongtable.sty"
Package: longtable 2014/10/28 v4.11 Multi-page Table package (DPC)
\LTleft=\skip96
\LTright=\skip97
\LTpre=\skip98
\LTpost=\skip99
\LTchunksize=\count384
\LTcapwidth=\dimen192
\LT@head=\box52
\LT@firsthead=\box53
\LT@foot=\box54
\LT@lastfoot=\box55
\LT@cols=\count385
\LT@rows=\count386
\c@LT@tables=\count387
\c@LT@chunks=\count388
\LT@p@ftn=\toks47
)
Class scrartcl Info: longtable captions redefined on input line 43.
\glsdescwidth=\skip100
\glspagelistwidth=\skip101
)
("C:\Users\John Fitzpatrick\AppData\Local\Programs\MiKTeX 2.9\tex\latex\glossar
ies\styles\glossary-super.sty"
Package: glossary-super 2019/01/06 v4.42 (NLCT)

("C:\Users\John Fitzpatrick\AppData\Local\Programs\MiKTeX 2.9\tex\latex\superta
bular\supertabular.sty"
Package: supertabular 2004/02/20 v4.1e the supertabular environment
\c@tracingst=\count389
\ST@wd=\dimen193
\ST@rightskip=\skip102
\ST@leftskip=\skip103
\ST@parfillskip=\skip104
\ST@pageleft=\dimen194
\ST@headht=\dimen195
\ST@tailht=\dimen196
\ST@pagesofar=\dimen197
\ST@pboxht=\dimen198
\ST@lineht=\dimen199
\ST@stretchht=\dimen256
\ST@prevht=\dimen257
\ST@toadd=\dimen258
\ST@dimen=\dimen259
\ST@pbox=\box56
))
("C:\Users\John Fitzpatrick\AppData\Local\Programs\MiKTeX 2.9\tex\latex\glossar
ies\styles\glossary-tree.sty"
Package: glossary-tree 2019/01/06 v4.42 (NLCT)
\glstreeindent=\skip105
))
("C:\Users\John Fitzpatrick\AppData\Local\Programs\MiKTeX 2.9\tex\latex\base\in
putenc.sty"
Package: inputenc 2018/04/06 v1.3b Input encoding file
\inpenc@prehook=\toks48
\inpenc@posthook=\toks49
)
\glswrite=\write7
\glo@main@file=\write8
\openout8 = `Dissertation_Final.glo'.

Package glossaries Info: Writing glossary file Dissertation_Final.glo on input 
line 53.
Package biblatex Info: Trying to load language 'english'...
Package biblatex Info: ... file 'english.lbx' found.

("C:\Users\John Fitzpatrick\AppData\Local\Programs\MiKTeX 2.9\tex\latex\biblate
x\lbx\english.lbx"
File: english.lbx 2018/11/02 v3.12 biblatex localization (PK/MW)
)
\@quotelevel=\count390
\@quotereset=\count391
runsystem(for ^%i in (pygmentize.exe pygmentize.bat pygmentize.cmd) do set > Di
ssertation_Final.aex <nul: /p x=^%~$PATH:i>> Dissertation_Final.aex)...executed
.

runsystem(del Dissertation_Final.aex)...executed.

 (Dissertation_Final.aux)
\openout1 = `Dissertation_Final.aux'.

LaTeX Font Info:    Checking defaults for OML/cmm/m/it on input line 86.
LaTeX Font Info:    ... okay on input line 86.
LaTeX Font Info:    Checking defaults for T1/cmr/m/n on input line 86.
LaTeX Font Info:    ... okay on input line 86.
LaTeX Font Info:    Checking defaults for OT1/cmr/m/n on input line 86.
LaTeX Font Info:    ... okay on input line 86.
LaTeX Font Info:    Checking defaults for OMS/cmsy/m/n on input line 86.
LaTeX Font Info:    ... okay on input line 86.
LaTeX Font Info:    Checking defaults for OMX/cmex/m/n on input line 86.
LaTeX Font Info:    ... okay on input line 86.
LaTeX Font Info:    Checking defaults for U/cmr/m/n on input line 86.
LaTeX Font Info:    ... okay on input line 86.
LaTeX Font Info:    Checking defaults for PD1/pdf/m/n on input line 86.
LaTeX Font Info:    ... okay on input line 86.
\AtBeginShipoutBox=\box57
Package hyperref Info: Link coloring OFF on input line 86.

("C:\Users\John Fitzpatrick\AppData\Local\Programs\MiKTeX 2.9\tex\latex\hyperre
f\nameref.sty"
Package: nameref 2016/05/21 v2.44 Cross-referencing by name of section

("C:\Users\John Fitzpatrick\AppData\Local\Programs\MiKTeX 2.9\tex\generic\oberd
iek\gettitlestring.sty"
Package: gettitlestring 2016/05/16 v1.5 Cleanup title references (HO)
)
\c@section@level=\count392
)
LaTeX Info: Redefining \ref on input line 86.
LaTeX Info: Redefining \pageref on input line 86.
LaTeX Info: Redefining \nameref on input line 86.
 (Dissertation_Final.out) (Dissertation_Final.out)
\@outlinefile=\write9
\openout9 = `Dissertation_Final.out'.


("C:\Users\John Fitzpatrick\AppData\Local\Programs\MiKTeX 2.9\tex\context\base\
supp-pdf.mkii"
[Loading MPS to PDF converter (version 2006.09.02).]
\scratchcounter=\count393
\scratchdimen=\dimen260
\scratchbox=\box58
\nofMPsegments=\count394
\nofMParguments=\count395
\everyMPshowfont=\toks50
\MPscratchCnt=\count396
\MPscratchDim=\dimen261
\MPnumerator=\count397
\makeMPintoPDFobject=\count398
\everyMPtoPDFconversion=\toks51
)
("C:\Users\John Fitzpatrick\AppData\Local\Programs\MiKTeX 2.9\tex\latex\oberdie
k\epstopdf-base.sty"
Package: epstopdf-base 2016/05/15 v2.6 Base part for package epstopdf

("C:\Users\John Fitzpatrick\AppData\Local\Programs\MiKTeX 2.9\tex\latex\oberdie
k\grfext.sty"
Package: grfext 2016/05/16 v1.2 Manage graphics extensions (HO)
)
Package epstopdf-base Info: Redefining graphics rule for `.eps' on input line 4
38.
Package grfext Info: Graphics extension search list:
(grfext)             [.pdf,.jpeg,.jpg,.png,.eps]
(grfext)             \AppendGraphicsExtensions on input line 456.
)
Package biblatex Info: Input encoding 'utf8' detected.
Package biblatex Info: Data encoding 'utf8' specified.
(biblatex)             No need to reencode data.
\openout3 = `Dissertation_Final.bcf'.

Package biblatex Info: Trying to load bibliographic data...
Package biblatex Info: ... file 'Dissertation_Final.bbl' found.
 (Dissertation_Final.bbl)
Package biblatex Info: Reference section=0 on input line 86.
Package biblatex Info: Reference segment=0 on input line 86.
 ABD: EveryShipout initializing macros

Package todonotes Warning: The length marginparwidth is less than 2cm and will 
most likely cause issues with the appearance of inserted todonotes. The issue c
an be solved by adding a line like \setlength {\marginparwidth }{2cm} prior to 
loading the todonotes package. on input line 86.


("C:\Users\John Fitzpatrick\AppData\Local\Programs\MiKTeX 2.9\tex\latex\base\te
xtcomp.sty"
Package: textcomp 2017/04/05 v2.0i Standard LaTeX package
Package textcomp Info: Sub-encoding information:
(textcomp)               5 = only ISO-Adobe without \textcurrency
(textcomp)               4 = 5 + \texteuro
(textcomp)               3 = 4 + \textohm
(textcomp)               2 = 3 + \textestimated + \textcurrency
(textcomp)               1 = TS1 - \textcircled - \t
(textcomp)               0 = TS1 (full)
(textcomp)             Font families with sub-encoding setting implement
(textcomp)             only a restricted character set as indicated.
(textcomp)             Family '?' is the default used for unknown fonts.
(textcomp)             See the documentation for details.
Package textcomp Info: Setting ? sub-encoding to TS1/1 on input line 79.

("C:\Users\John Fitzpatrick\AppData\Local\Programs\MiKTeX 2.9\tex\latex\base\ts
1enc.def"
File: ts1enc.def 2001/06/05 v3.0e (jk/car/fm) Standard LaTeX file
Now handling font encoding TS1 ...
... processing UTF-8 mapping file for font encoding TS1

("C:\Users\John Fitzpatrick\AppData\Local\Programs\MiKTeX 2.9\tex\latex\base\ts
1enc.dfu"
File: ts1enc.dfu 2018/04/05 v1.2c UTF-8 support for inputenc
   defining Unicode char U+00A2 (decimal 162)
   defining Unicode char U+00A3 (decimal 163)
   defining Unicode char U+00A4 (decimal 164)
   defining Unicode char U+00A5 (decimal 165)
   defining Unicode char U+00A6 (decimal 166)
   defining Unicode char U+00A7 (decimal 167)
   defining Unicode char U+00A8 (decimal 168)
   defining Unicode char U+00A9 (decimal 169)
   defining Unicode char U+00AA (decimal 170)
   defining Unicode char U+00AC (decimal 172)
   defining Unicode char U+00AE (decimal 174)
   defining Unicode char U+00AF (decimal 175)
   defining Unicode char U+00B0 (decimal 176)
   defining Unicode char U+00B1 (decimal 177)
   defining Unicode char U+00B2 (decimal 178)
   defining Unicode char U+00B3 (decimal 179)
   defining Unicode char U+00B4 (decimal 180)
   defining Unicode char U+00B5 (decimal 181)
   defining Unicode char U+00B6 (decimal 182)
   defining Unicode char U+00B7 (decimal 183)
   defining Unicode char U+00B9 (decimal 185)
   defining Unicode char U+00BA (decimal 186)
   defining Unicode char U+00BC (decimal 188)
   defining Unicode char U+00BD (decimal 189)
   defining Unicode char U+00BE (decimal 190)
   defining Unicode char U+00D7 (decimal 215)
   defining Unicode char U+00F7 (decimal 247)
   defining Unicode char U+0192 (decimal 402)
   defining Unicode char U+02C7 (decimal 711)
   defining Unicode char U+02D8 (decimal 728)
   defining Unicode char U+02DD (decimal 733)
   defining Unicode char U+0E3F (decimal 3647)
   defining Unicode char U+2016 (decimal 8214)
   defining Unicode char U+2020 (decimal 8224)
   defining Unicode char U+2021 (decimal 8225)
   defining Unicode char U+2022 (decimal 8226)
   defining Unicode char U+2030 (decimal 8240)
   defining Unicode char U+2031 (decimal 8241)
   defining Unicode char U+203B (decimal 8251)
   defining Unicode char U+203D (decimal 8253)
   defining Unicode char U+2044 (decimal 8260)
   defining Unicode char U+204E (decimal 8270)
   defining Unicode char U+2052 (decimal 8274)
   defining Unicode char U+20A1 (decimal 8353)
   defining Unicode char U+20A4 (decimal 8356)
   defining Unicode char U+20A6 (decimal 8358)
   defining Unicode char U+20A9 (decimal 8361)
   defining Unicode char U+20AB (decimal 8363)
   defining Unicode char U+20AC (decimal 8364)
   defining Unicode char U+20B1 (decimal 8369)
   defining Unicode char U+2103 (decimal 8451)
   defining Unicode char U+2116 (decimal 8470)
   defining Unicode char U+2117 (decimal 8471)
   defining Unicode char U+211E (decimal 8478)
   defining Unicode char U+2120 (decimal 8480)
   defining Unicode char U+2122 (decimal 8482)
   defining Unicode char U+2126 (decimal 8486)
   defining Unicode char U+2127 (decimal 8487)
   defining Unicode char U+212E (decimal 8494)
   defining Unicode char U+2190 (decimal 8592)
   defining Unicode char U+2191 (decimal 8593)
   defining Unicode char U+2192 (decimal 8594)
   defining Unicode char U+2193 (decimal 8595)
   defining Unicode char U+2329 (decimal 9001)
   defining Unicode char U+232A (decimal 9002)
   defining Unicode char U+2422 (decimal 9250)
   defining Unicode char U+25E6 (decimal 9702)
   defining Unicode char U+25EF (decimal 9711)
   defining Unicode char U+266A (decimal 9834)
   defining Unicode char U+FEFF (decimal 65279)
))
LaTeX Info: Redefining \oldstylenums on input line 334.
Package textcomp Info: Setting cmr sub-encoding to TS1/0 on input line 349.
Package textcomp Info: Setting cmss sub-encoding to TS1/0 on input line 350.
Package textcomp Info: Setting cmtt sub-encoding to TS1/0 on input line 351.
Package textcomp Info: Setting cmvtt sub-encoding to TS1/0 on input line 352.
Package textcomp Info: Setting cmbr sub-encoding to TS1/0 on input line 353.
Package textcomp Info: Setting cmtl sub-encoding to TS1/0 on input line 354.
Package textcomp Info: Setting ccr sub-encoding to TS1/0 on input line 355.
Package textcomp Info: Setting ptm sub-encoding to TS1/4 on input line 356.
Package textcomp Info: Setting pcr sub-encoding to TS1/4 on input line 357.
Package textcomp Info: Setting phv sub-encoding to TS1/4 on input line 358.
Package textcomp Info: Setting ppl sub-encoding to TS1/3 on input line 359.
Package textcomp Info: Setting pag sub-encoding to TS1/4 on input line 360.
Package textcomp Info: Setting pbk sub-encoding to TS1/4 on input line 361.
Package textcomp Info: Setting pnc sub-encoding to TS1/4 on input line 362.
Package textcomp Info: Setting pzc sub-encoding to TS1/4 on input line 363.
Package textcomp Info: Setting bch sub-encoding to TS1/4 on input line 364.
Package textcomp Info: Setting put sub-encoding to TS1/5 on input line 365.
Package textcomp Info: Setting uag sub-encoding to TS1/5 on input line 366.
Package textcomp Info: Setting ugq sub-encoding to TS1/5 on input line 367.
Package textcomp Info: Setting ul8 sub-encoding to TS1/4 on input line 368.
Package textcomp Info: Setting ul9 sub-encoding to TS1/4 on input line 369.
Package textcomp Info: Setting augie sub-encoding to TS1/5 on input line 370.
Package textcomp Info: Setting dayrom sub-encoding to TS1/3 on input line 371.
Package textcomp Info: Setting dayroms sub-encoding to TS1/3 on input line 372.

Package textcomp Info: Setting pxr sub-encoding to TS1/0 on input line 373.
Package textcomp Info: Setting pxss sub-encoding to TS1/0 on input line 374.
Package textcomp Info: Setting pxtt sub-encoding to TS1/0 on input line 375.
Package textcomp Info: Setting txr sub-encoding to TS1/0 on input line 376.
Package textcomp Info: Setting txss sub-encoding to TS1/0 on input line 377.
Package textcomp Info: Setting txtt sub-encoding to TS1/0 on input line 378.
Package textcomp Info: Setting lmr sub-encoding to TS1/0 on input line 379.
Package textcomp Info: Setting lmdh sub-encoding to TS1/0 on input line 380.
Package textcomp Info: Setting lmss sub-encoding to TS1/0 on input line 381.
Package textcomp Info: Setting lmssq sub-encoding to TS1/0 on input line 382.
Package textcomp Info: Setting lmvtt sub-encoding to TS1/0 on input line 383.
Package textcomp Info: Setting lmtt sub-encoding to TS1/0 on input line 384.
Package textcomp Info: Setting qhv sub-encoding to TS1/0 on input line 385.
Package textcomp Info: Setting qag sub-encoding to TS1/0 on input line 386.
Package textcomp Info: Setting qbk sub-encoding to TS1/0 on input line 387.
Package textcomp Info: Setting qcr sub-encoding to TS1/0 on input line 388.
Package textcomp Info: Setting qcs sub-encoding to TS1/0 on input line 389.
Package textcomp Info: Setting qpl sub-encoding to TS1/0 on input line 390.
Package textcomp Info: Setting qtm sub-encoding to TS1/0 on input line 391.
Package textcomp Info: Setting qzc sub-encoding to TS1/0 on input line 392.
Package textcomp Info: Setting qhvc sub-encoding to TS1/0 on input line 393.
Package textcomp Info: Setting futs sub-encoding to TS1/4 on input line 394.
Package textcomp Info: Setting futx sub-encoding to TS1/4 on input line 395.
Package textcomp Info: Setting futj sub-encoding to TS1/4 on input line 396.
Package textcomp Info: Setting hlh sub-encoding to TS1/3 on input line 397.
Package textcomp Info: Setting hls sub-encoding to TS1/3 on input line 398.
Package textcomp Info: Setting hlst sub-encoding to TS1/3 on input line 399.
Package textcomp Info: Setting hlct sub-encoding to TS1/5 on input line 400.
Package textcomp Info: Setting hlx sub-encoding to TS1/5 on input line 401.
Package textcomp Info: Setting hlce sub-encoding to TS1/5 on input line 402.
Package textcomp Info: Setting hlcn sub-encoding to TS1/5 on input line 403.
Package textcomp Info: Setting hlcw sub-encoding to TS1/5 on input line 404.
Package textcomp Info: Setting hlcf sub-encoding to TS1/5 on input line 405.
Package textcomp Info: Setting pplx sub-encoding to TS1/3 on input line 406.
Package textcomp Info: Setting pplj sub-encoding to TS1/3 on input line 407.
Package textcomp Info: Setting ptmx sub-encoding to TS1/4 on input line 408.
Package textcomp Info: Setting ptmj sub-encoding to TS1/4 on input line 409.
)
\c@lstlisting=\count399
Package caption Info: Begin \AtBeginDocument code.
Package caption Info: float package is loaded.
Package caption Info: longtable package is loaded.

("C:\Users\John Fitzpatrick\AppData\Local\Programs\MiKTeX 2.9\tex\latex\caption
\ltcaption.sty"
Package: ltcaption 2018/08/26 v1.4-95 longtable captions (AR)
)
Package caption Info: supertabular package is loaded.
Package caption Info: End \AtBeginDocument code.


LaTeX Font Warning: Font shape `OT1/cmr/bx/sc' undefined
(Font)              using `OT1/cmr/bx/n' instead on input line 98.

[1

\openout7 = `Dissertation_Final.ist'.

{C:/Users/John Fitzpatrick/AppData/Local/MiKTeX/2.9/pdftex/config/pdftex.map}] 
[1] [2] (Dissertation_Final.toc [3])
\tf@toc=\write10
\openout10 = `Dissertation_Final.toc'.

 [4] (Dissertation_Final.lof)
\tf@lof=\write11
\openout11 = `Dissertation_Final.lof'.

 [5]

Class scrartcl Warning: \float@listhead detected!
(scrartcl)              Implementation of \float@listhead became
(scrartcl)              deprecated in KOMA-Script v3.01 2008/11/14 and
(scrartcl)              has been replaced by several more flexible
(scrartcl)              features of package `tocbasic`.
(scrartcl)              Maybe implementation of \float@listhead will
(scrartcl)              be removed from KOMA-Script soon.
(scrartcl)              Loading of package `scrhack' may help to
(scrartcl)              avoid this warning, if you are using a
(scrartcl)              a package that still implements the
(scrartcl)              deprecated \float@listhead interface  on input line 149
.

(Dissertation_Final.lol)
\tf@lol=\write12
\openout12 = `Dissertation_Final.lol'.

 [6]pdfTeX warning (ext4): destination with the same identifier (name{page.1}) 
has been already used, duplicate ignored
<to be read again> 
                   \relax 
l.182 
       [1]
LaTeX Font Info:    Try loading font information for TS1+cmr on input line 200.


("C:\Users\John Fitzpatrick\AppData\Local\Programs\MiKTeX 2.9\tex\latex\base\ts
1cmr.fd"
File: ts1cmr.fd 2014/09/29 v2.5h Standard LaTeX font definitions
) [2] [3]
<graphics/Data_center_energy.png, id=438, 536.0025pt x 398.23781pt>
File: graphics/Data_center_energy.png Graphic file (type png)
<use graphics/Data_center_energy.png>
Package pdftex.def Info: graphics/Data_center_energy.png  used on input line 25
5.
(pdftex.def)             Requested size: 187.60368pt x 139.38531pt.

Overfull \hbox (0.90607pt too wide) in paragraph at lines 260--261
[]\OT1/cmr/m/n/12 Data Cen-tres con-sume forty times more en-ergy than con-ven-
tional of-fice build-ings ([]Levy
 []

<graphics/Energy_consumption.png, id=443, 344.78813pt x 236.38312pt>
File: graphics/Energy_consumption.png Graphic file (type png)
<use graphics/Energy_consumption.png>
Package pdftex.def Info: graphics/Energy_consumption.png  used on input line 26
8.
(pdftex.def)             Requested size: 155.15321pt x 106.37141pt.

LaTeX Warning: `h' float specifier changed to `ht'.

[4 <./graphics/Data_center_energy.png>]
<graphics/geographical_zoning.png, id=454, 654.94687pt x 197.98969pt>
File: graphics/geographical_zoning.png Graphic file (type png)
<use graphics/geographical_zoning.png>
Package pdftex.def Info: graphics/geographical_zoning.png  used on input line 2
84.
(pdftex.def)             Requested size: 392.97116pt x 118.79472pt.
<graphics/Average_PUE_per_reporting_year.png, id=455, 616.55344pt x 394.47375pt
>
File: graphics/Average_PUE_per_reporting_year.png Graphic file (type png)
<use graphics/Average_PUE_per_reporting_year.png>
Package pdftex.def Info: graphics/Average_PUE_per_reporting_year.png  used on i
nput line 291.
(pdftex.def)             Requested size: 308.27596pt x 197.23639pt.


LaTeX Warning: `h' float specifier changed to `ht'.

[5 <./graphics/Energy_consumption.png> <./graphics/geographical_zoning.png>]
<graphics/TSSG_Diagram.png, id=471, 847.66687pt x 554.07pt>
File: graphics/TSSG_Diagram.png Graphic file (type png)
<use graphics/TSSG_Diagram.png>
Package pdftex.def Info: graphics/TSSG_Diagram.png  used on input line 313.
(pdftex.def)             Requested size: 339.06073pt x 221.62407pt.

[6 <./graphics/Average_PUE_per_reporting_year.png> <./graphics/TSSG_Diagram.png
>] [7] [8] [9] [10] [11] [12] [13]
<graphics/TSSG_Data_Schema.png, id=576, 502.87875pt x 371.13657pt>
File: graphics/TSSG_Data_Schema.png Graphic file (type png)
<use graphics/TSSG_Data_Schema.png>
Package pdftex.def Info: graphics/TSSG_Data_Schema.png  used on input line 470.

(pdftex.def)             Requested size: 276.58417pt x 204.12573pt.
 [14 <./graphics/TSSG_Data_Schema.png>]
<graphics/Annual_energy_consumption.png, id=588, 985.43156pt x 471.26062pt>
File: graphics/Annual_energy_consumption.png Graphic file (type png)
<use graphics/Annual_energy_consumption.png>
Package pdftex.def Info: graphics/Annual_energy_consumption.png  used on input 
line 488.
(pdftex.def)             Requested size: 295.63174pt x 141.37927pt.
<graphics/Daily_energy_consumption_of_cab131415.png, id=592, 925.20656pt x 456.
20438pt>
File: graphics/Daily_energy_consumption_of_cab131415.png Graphic file (type png
)
<use graphics/Daily_energy_consumption_of_cab131415.png>
Package pdftex.def Info: graphics/Daily_energy_consumption_of_cab131415.png  us
ed on input line 499.
(pdftex.def)             Requested size: 323.82715pt x 159.67392pt.

[15 <./graphics/Annual_energy_consumption.png>]
<graphics/Energy_consumption_of_cab26_and_chillers.png, id=600, 764.8575pt x 45
6.20438pt>
File: graphics/Energy_consumption_of_cab26_and_chillers.png Graphic file (type 
png)
<use graphics/Energy_consumption_of_cab26_and_chillers.png>
Package pdftex.def Info: graphics/Energy_consumption_of_cab26_and_chillers.png 
 used on input line 510.
(pdftex.def)             Requested size: 344.1827pt x 205.29005pt.
 [16 <./graphics/Daily_energy_consumption_of_cab131415.png> <./graphics/Energy_
consumption_of_cab26_and_chillers.png>]
<graphics/Annual_Water_Flow.png, id=610, 779.16093pt x 426.09187pt>
File: graphics/Annual_Water_Flow.png Graphic file (type png)
<use graphics/Annual_Water_Flow.png>
Package pdftex.def Info: graphics/Annual_Water_Flow.png  used on input line 521
.
(pdftex.def)             Requested size: 350.61917pt x 191.73956pt.
<graphics/Ophelia_generator.png, id=611, 537.50812pt x 304.88907pt>
File: graphics/Ophelia_generator.png Graphic file (type png)
<use graphics/Ophelia_generator.png>
Package pdftex.def Info: graphics/Ophelia_generator.png  used on input line 528
.
(pdftex.def)             Requested size: 268.7534pt x 152.44415pt.
 [17 <./graphics/Annual_Water_Flow.png> <./graphics/Ophelia_generator.png>] [18
]
<graphics/finalvariables.png, id=643, 797.22844pt x 595.47469pt>
File: graphics/finalvariables.png Graphic file (type png)
<use graphics/finalvariables.png>
Package pdftex.def Info: graphics/finalvariables.png  used on input line 569.
(pdftex.def)             Requested size: 318.88573pt x 238.18565pt.
<graphics/power_explanation.png, id=646, 436.63126pt x 250.68657pt>
File: graphics/power_explanation.png Graphic file (type png)
<use graphics/power_explanation.png>
Package pdftex.def Info: graphics/power_explanation.png  used on input line 579
.
(pdftex.def)             Requested size: 218.3151pt x 125.34297pt.
 [19 <./graphics/finalvariables.png>] [20 <./graphics/power_explanation.png>] [
21]
<graphics/energyconsumptionchiller12.png, id=686, 880.79062pt x 495.35063pt>
File: graphics/energyconsumptionchiller12.png Graphic file (type png)
<use graphics/energyconsumptionchiller12.png>
Package pdftex.def Info: graphics/energyconsumptionchiller12.png  used on input
 line 638.
(pdftex.def)             Requested size: 440.39423pt x 247.67471pt.
 [22 <./graphics/energyconsumptionchiller12.png>] [23] [24] [25]
<graphics/regressionresults.png, id=740, 941.76843pt x 479.54156pt>
File: graphics/regressionresults.png Graphic file (type png)
<use graphics/regressionresults.png>
Package pdftex.def Info: graphics/regressionresults.png  used on input line 731
.
(pdftex.def)             Requested size: 470.88306pt x 239.77019pt.

Overfull \hbox (22.7521pt too wide) in paragraph at lines 731--732
 [][] 
 []

[26] [27 <./graphics/regressionresults.png>] [28] [29] [30] [31] [32]
No file Dissertation_Final.gls.
[33]
\openout5 = `Dissertation_Final.pyg'.

runsystem(pygmentize -S default -f latex -P commandprefix=PYG > Dissertation_Fi
nal.out.pyg)...executed.

 (Dissertation_Final.out.pyg)
runsystem(pygmentize -S colorful -f latex -P commandprefix=PYGcolorful > Disser
tation_Final.out.pyg)...executed.

 (Dissertation_Final.out.pyg)
runsystem(pygmentize -l sql -f latex -P commandprefix=PYG -F tokenmerge -o Diss
ertation_Final.out.pyg Dissertation_Final.pyg)...executed.


(Dissertation_Final.out.pyg
LaTeX Font Info:    Font shape `OT1/cmtt/bx/n' in size <10> not available
(Font)              Font shape `OT1/cmtt/m/n' tried instead on input line 3.
)
Package hyperref Info: bookmark level for unknown listing defaults to 0 on inpu
t line 801.
\openout5 = `Dissertation_Final.pyg'.

runsystem(pygmentize -l sql -f latex -P commandprefix=PYG -F tokenmerge -o Diss
ertation_Final.out.pyg Dissertation_Final.pyg)...executed.

 (Dissertation_Final.out.pyg)
\openout5 = `Dissertation_Final.pyg'.

runsystem(pygmentize -l sql -f latex -P commandprefix=PYG -F tokenmerge -o Diss
ertation_Final.out.pyg Dissertation_Final.pyg)...executed.


(Dissertation_Final.out.pyg)
\openout5 = `Dissertation_Final.pyg'.

runsystem(pygmentize -l sql -f latex -P commandprefix=PYG -F tokenmerge -o Diss
ertation_Final.out.pyg Dissertation_Final.pyg)...executed.

 (Dissertation_Final.out.pyg) [34]
\openout5 = `Dissertation_Final.pyg'.

runsystem(pygmentize -l sql -f latex -P commandprefix=PYG -F tokenmerge -o Diss
ertation_Final.out.pyg Dissertation_Final.pyg)...executed.


(Dissertation_Final.out.pyg)
\openout5 = `Dissertation_Final.pyg'.

runsystem(pygmentize -l sql -f latex -P commandprefix=PYG -F tokenmerge -o Diss
ertation_Final.out.pyg Dissertation_Final.pyg)...executed.

 (Dissertation_Final.out.pyg)
\openout5 = `Dissertation_Final.pyg'.

runsystem(pygmentize -l sql -f latex -P commandprefix=PYG -F tokenmerge -o Diss
ertation_Final.out.pyg Dissertation_Final.pyg)...executed.


(Dissertation_Final.out.pyg)
\openout5 = `Dissertation_Final.pyg'.

runsystem(pygmentize -l sql -f latex -P commandprefix=PYG -F tokenmerge -o Diss
ertation_Final.out.pyg Dissertation_Final.pyg)...executed.

 (Dissertation_Final.out.pyg) [35]
\openout5 = `Dissertation_Final.pyg'.

runsystem(pygmentize -l sql -f latex -P commandprefix=PYG -F tokenmerge -o Diss
ertation_Final.out.pyg Dissertation_Final.pyg)...executed.


(Dissertation_Final.out.pyg)
\openout5 = `Dissertation_Final.pyg'.

runsystem(pygmentize -l sql -f latex -P commandprefix=PYG -F tokenmerge -o Diss
ertation_Final.out.pyg Dissertation_Final.pyg)...executed.

 (Dissertation_Final.out.pyg)
\openout5 = `Dissertation_Final.pyg'.

runsystem(pygmentize -l python -f latex -P commandprefix=PYG -F tokenmerge -o D
issertation_Final.out.pyg Dissertation_Final.pyg)...executed.


(Dissertation_Final.out.pyg) [36]
\openout5 = `Dissertation_Final.pyg'.

runsystem(pygmentize -l python -f latex -P commandprefix=PYG -F tokenmerge -o D
issertation_Final.out.pyg Dissertation_Final.pyg)...executed.

 (Dissertation_Final.out.pyg) [37]
\openout5 = `Dissertation_Final.pyg'.

runsystem(pygmentize -l python -f latex -P commandprefix=PYG -F tokenmerge -o D
issertation_Final.out.pyg Dissertation_Final.pyg)...executed.


(Dissertation_Final.out.pyg) [38]
\openout5 = `Dissertation_Final.pyg'.

runsystem(pygmentize -l python -f latex -P commandprefix=PYG -F tokenmerge -o D
issertation_Final.out.pyg Dissertation_Final.pyg)...executed.

 (Dissertation_Final.out.pyg) [39]
\openout5 = `Dissertation_Final.pyg'.

runsystem(pygmentize -l python -f latex -P commandprefix=PYG -F tokenmerge -o D
issertation_Final.out.pyg Dissertation_Final.pyg)...executed.


(Dissertation_Final.out.pyg) [40]
\openout5 = `Dissertation_Final.pyg'.

runsystem(pygmentize -l python -f latex -P commandprefix=PYG -F tokenmerge -o D
issertation_Final.out.pyg Dissertation_Final.pyg)...executed.

 (Dissertation_Final.out.pyg) [41]
\openout5 = `Dissertation_Final.pyg'.

runsystem(pygmentize -l python -f latex -P commandprefix=PYG -F tokenmerge -o D
issertation_Final.out.pyg Dissertation_Final.pyg)...executed.


(Dissertation_Final.out.pyg) [42]
\openout5 = `Dissertation_Final.pyg'.

runsystem(pygmentize -l python -f latex -P commandprefix=PYG -F tokenmerge -o D
issertation_Final.out.pyg Dissertation_Final.pyg)...executed.

 (Dissertation_Final.out.pyg) [43]
\openout5 = `Dissertation_Final.pyg'.

runsystem(pygmentize -l python -f latex -P commandprefix=PYG -F tokenmerge -o D
issertation_Final.out.pyg Dissertation_Final.pyg)...executed.


(Dissertation_Final.out.pyg)
\openout5 = `Dissertation_Final.pyg'.

runsystem(pygmentize -l python -f latex -P commandprefix=PYG -F tokenmerge -o D
issertation_Final.out.pyg Dissertation_Final.pyg)...executed.

 (Dissertation_Final.out.pyg) [44]
\openout5 = `Dissertation_Final.pyg'.

runsystem(pygmentize -l python -f latex -P commandprefix=PYG -F tokenmerge -o D
issertation_Final.out.pyg Dissertation_Final.pyg)...executed.


(Dissertation_Final.out.pyg)
\openout5 = `Dissertation_Final.pyg'.

runsystem(pygmentize -l python -f latex -P commandprefix=PYG -F tokenmerge -o D
issertation_Final.out.pyg Dissertation_Final.pyg)...executed.

 (Dissertation_Final.out.pyg) [45]
\openout5 = `Dissertation_Final.pyg'.

runsystem(pygmentize -l python -f latex -P commandprefix=PYG -F tokenmerge -o D
issertation_Final.out.pyg Dissertation_Final.pyg)...executed.


(Dissertation_Final.out.pyg) [46]
\openout5 = `Dissertation_Final.pyg'.

runsystem(pygmentize -l python -f latex -P commandprefix=PYG -F tokenmerge -o D
issertation_Final.out.pyg Dissertation_Final.pyg)...executed.

 (Dissertation_Final.out.pyg) [47]
\openout5 = `Dissertation_Final.pyg'.

runsystem(pygmentize -l python -f latex -P commandprefix=PYG -F tokenmerge -o D
issertation_Final.out.pyg Dissertation_Final.pyg)...executed.


(Dissertation_Final.out.pyg)
\openout5 = `Dissertation_Final.pyg'.

runsystem(pygmentize -l python -f latex -P commandprefix=PYG -F tokenmerge -o D
issertation_Final.out.pyg Dissertation_Final.pyg)...executed.

 (Dissertation_Final.out.pyg) [48]
\openout5 = `Dissertation_Final.pyg'.

runsystem(pygmentize -l python -f latex -P commandprefix=PYG -F tokenmerge -o D
issertation_Final.out.pyg Dissertation_Final.pyg)...executed.


(Dissertation_Final.out.pyg) [49]
<graphics/"key_variables".png, id=877, 389.20406pt x 317.68687pt>
File: graphics/"key_variables".png Graphic file (type png)
<use graphics/"key_variables".png>
Package pdftex.def Info: graphics/"key_variables".png  used on input line 1425.

(pdftex.def)             Requested size: 291.90233pt x 238.26456pt.
<graphics/Correlation_Analysis_1.png, id=879, 776.9025pt x 528.47438pt>
File: graphics/Correlation_Analysis_1.png Graphic file (type png)
<use graphics/Correlation_Analysis_1.png>
Package pdftex.def Info: graphics/Correlation_Analysis_1.png  used on input lin
e 1439.
(pdftex.def)             Requested size: 388.45029pt x 264.23654pt.
 [50 <./graphics/key_variables.png>]
<graphics/Correlation_Analysis_2.png, id=885, 776.9025pt x 377.15906pt>
File: graphics/Correlation_Analysis_2.png Graphic file (type png)
<use graphics/Correlation_Analysis_2.png>
Package pdftex.def Info: graphics/Correlation_Analysis_2.png  used on input lin
e 1446.
(pdftex.def)             Requested size: 388.45029pt x 188.57907pt.
<graphics/peak1chillercorrelation.png, id=886, 677.53125pt x 353.82187pt>
File: graphics/peak1chillercorrelation.png Graphic file (type png)
<use graphics/peak1chillercorrelation.png>
Package pdftex.def Info: graphics/peak1chillercorrelation.png  used on input li
ne 1456.
(pdftex.def)             Requested size: 338.76479pt x 176.91049pt.
 [51 <./graphics/Correlation_Analysis_1.png> <./graphics/Correlation_Analysis_2
.png>]
<graphics/peak2chillercorrelation.png, id=893, 678.28406pt x 352.31625pt>
File: graphics/peak2chillercorrelation.png Graphic file (type png)
<use graphics/peak2chillercorrelation.png>
Package pdftex.def Info: graphics/peak2chillercorrelation.png  used on input li
ne 1463.
(pdftex.def)             Requested size: 339.14119pt x 176.15768pt.
<graphics/peak3chillercorrelation.png, id=894, 676.02562pt x 460.72125pt>
File: graphics/peak3chillercorrelation.png Graphic file (type png)
<use graphics/peak3chillercorrelation.png>
Package pdftex.def Info: graphics/peak3chillercorrelation.png  used on input li
ne 1470.
(pdftex.def)             Requested size: 338.01198pt x 230.36006pt.

[52 <./graphics/peak1chillercorrelation.png> <./graphics/peak2chillercorrelatio
n.png>]
<graphics/independentvariables.png, id=901, 804.75656pt x 280.79906pt>
File: graphics/independentvariables.png Graphic file (type png)
<use graphics/independentvariables.png>
Package pdftex.def Info: graphics/independentvariables.png  used on input line 
1481.
(pdftex.def)             Requested size: 402.37729pt x 140.39919pt.
<graphics/regressionweek1.png, id=902, 625.58719pt x 636.12656pt>
File: graphics/regressionweek1.png Graphic file (type png)
<use graphics/regressionweek1.png>
Package pdftex.def Info: graphics/regressionweek1.png  used on input line 1491.

(pdftex.def)             Requested size: 469.18924pt x 477.09375pt.

Overfull \hbox (21.05829pt too wide) in paragraph at lines 1491--1492
 [][] 
 []

[53 <./graphics/peak3chillercorrelation.png> <./graphics/independentvariables.p
ng>]
<graphics/regressionweek2.png, id=909, 624.83438pt x 636.87938pt>
File: graphics/regressionweek2.png Graphic file (type png)
<use graphics/regressionweek2.png>
Package pdftex.def Info: graphics/regressionweek2.png  used on input line 1498.

(pdftex.def)             Requested size: 468.62463pt x 477.65836pt.

Overfull \hbox (20.49368pt too wide) in paragraph at lines 1498--1499
 [][] 
 []

[54 <./graphics/regressionweek1.png>]
<graphics/regressionweek3.png, id=916, 631.60968pt x 636.12656pt>
File: graphics/regressionweek3.png Graphic file (type png)
<use graphics/regressionweek3.png>
Package pdftex.def Info: graphics/regressionweek3.png  used on input line 1505.

(pdftex.def)             Requested size: 473.7061pt x 477.09375pt.

Overfull \hbox (25.57515pt too wide) in paragraph at lines 1505--1506
 [][] 
 []

[55 <./graphics/regressionweek2.png>]

Package caption Warning: Unused \captionsetup[lstlisting] on input line 39.
See the caption package documentation for explanation.

[56 <./graphics/regressionweek3.png>]
Package atveryend Info: Empty hook `BeforeClearDocument' on input line 1508.
Package atveryend Info: Empty hook `AfterLastShipout' on input line 1508.
 (Dissertation_Final.aux)
Package atveryend Info: Executing hook `AtVeryEndDocument' on input line 1508.
Package atveryend Info: Executing hook `AtEndAfterFileList' on input line 1508.

Package rerunfilecheck Info: File `Dissertation_Final.out' has not changed.
(rerunfilecheck)             Checksum: 7BD188CACF63CDC66194C12282957F47;3472.


LaTeX Font Warning: Some font shapes were not available, defaults substituted.

runsystem(del Dissertation_Final.pyg)...executed.

runsystem(del Dissertation_Final.out.pyg)...executed.

Package logreq Info: Writing requests to 'Dissertation_Final.run.xml'.
\openout1 = `Dissertation_Final.run.xml'.

Package atveryend Info: Empty hook `AtVeryVeryEnd' on input line 1508.
 ) 
Here is how much of TeX's memory you used:
 35069 strings out of 492969
 675589 string characters out of 3121699
 1267442 words of memory out of 3000000
 38094 multiletter control sequences out of 15000+200000
 14857 words of font info for 53 fonts, out of 3000000 for 9000
 1141 hyphenation exceptions out of 8191
 73i,8n,100p,9099b,1407s stack positions out of 5000i,500n,10000p,200000b,50000s
pdfTeX warning (dest): name{glo:Reactive} has been referenced but does not ex
ist, replaced by a fixed one

pdfTeX warning (dest): name{glo:Apparent} has been referenced but does not exis
t, replaced by a fixed one

pdfTeX warning (dest): name{glo:Real} has been referenced but does not exist, r
eplaced by a fixed one

pdfTeX warning (dest): name{glo:LCP} has been referenced but does not exist, re
placed by a fixed one

 <C:\Users\John Fitzpatrick\AppData\Local\MiKTeX\2.9\fonts\pk\ljfour\jknappen\e
c\dpi600\tcrm1200.pk><C:/Users/John Fitzpatrick/AppData/Local/Programs/MiKTeX 2
.9/fonts/type1/public/amsfonts/cm/cmbx10.pfb><C:/Users/John Fitzpatrick/AppData
/Local/Programs/MiKTeX 2.9/fonts/type1/public/amsfonts/cm/cmbx12.pfb><C:/Users/
John Fitzpatrick/AppData/Local/Programs/MiKTeX 2.9/fonts/type1/public/amsfonts/
cm/cmbxti10.pfb><C:/Users/John Fitzpatrick/AppData/Local/Programs/MiKTeX 2.9/fo
nts/type1/public/amsfonts/cm/cmcsc10.pfb><C:/Users/John Fitzpatrick/AppData/Loc
al/Programs/MiKTeX 2.9/fonts/type1/public/amsfonts/cm/cmmi12.pfb><C:/Users/John
 Fitzpatrick/AppData/Local/Programs/MiKTeX 2.9/fonts/type1/public/amsfonts/cm/c
mmi8.pfb><C:/Users/John Fitzpatrick/AppData/Local/Programs/MiKTeX 2.9/fonts/typ
e1/public/amsfonts/cm/cmr10.pfb><C:/Users/John Fitzpatrick/AppData/Local/Progra
ms/MiKTeX 2.9/fonts/type1/public/amsfonts/cm/cmr12.pfb><C:/Users/John Fitzpatri
ck/AppData/Local/Programs/MiKTeX 2.9/fonts/type1/public/amsfonts/cm/cmr6.pfb><C
:/Users/John Fitzpatrick/AppData/Local/Programs/MiKTeX 2.9/fonts/type1/public/a
msfonts/cm/cmr8.pfb><C:/Users/John Fitzpatrick/AppData/Local/Programs/MiKTeX 2.
9/fonts/type1/public/amsfonts/cm/cmssbx10.pfb><C:/Users/John Fitzpatrick/AppDat
a/Local/Programs/MiKTeX 2.9/fonts/type1/public/amsfonts/cm/cmti12.pfb><C:/Users
/John Fitzpatrick/AppData/Local/Programs/MiKTeX 2.9/fonts/type1/public/amsfonts
/cm/cmtt10.pfb><C:/Users/John Fitzpatrick/AppData/Local/Programs/MiKTeX 2.9/fon
ts/type1/public/amsfonts/cm/cmtt12.pfb>
Output written on Dissertation_Final.pdf (63 pages, 2180578 bytes).
PDF statistics:
 1026 PDF objects out of 1200 (max. 8388607)
 217 named destinations out of 1000 (max. 500000)
 586 words of extra memory for PDF output out of 10000 (max. 10000000)

